[0m11:59:06.756733 [debug] [MainThread]: Sending event: {'category': 'dbt', 'action': 'invocation', 'label': 'start', 'context': [<snowplow_tracker.self_describing_json.SelfDescribingJson object at 0x000002382A405BE0>, <snowplow_tracker.self_describing_json.SelfDescribingJson object at 0x0000023827213250>, <snowplow_tracker.self_describing_json.SelfDescribingJson object at 0x000002382C78C7D0>]}


============================== 11:59:06.764736 | 2345dff7-0d23-4586-9a38-e9aa5703ab3e ==============================
[0m11:59:06.764736 [info ] [MainThread]: Running with dbt=1.11.11
[0m11:59:06.766215 [debug] [MainThread]: running dbt with arguments {'version_check': 'True', 'no_print': 'None', 'static_parser': 'True', 'target_path': 'None', 'warn_error_options': 'WarnErrorOptionsV2(error=[], warn=[], silence=[])', 'printer_width': '80', 'write_json': 'True', 'empty': 'False', 'log_cache_events': 'False', 'introspect': 'True', 'cache_selected_only': 'False', 'log_format': 'default', 'debug': 'False', 'fail_fast': 'False', 'partial_parse': 'True', 'send_anonymous_usage_stats': 'True', 'quiet': 'False', 'warn_error': 'None', 'profiles_dir': 'C:\\Users\\mm3816\\Desktop\\db_test\\my_project', 'use_colors': 'True', 'indirect_selection': 'eager', 'invocation_command': 'dbt run', 'use_experimental_parser': 'False', 'log_path': 'logs'}
[0m11:59:06.768661 [error] [MainThread]: Encountered an error:
Runtime Error
  dbt_project.yml does not parse to a dictionary
[0m11:59:06.770322 [debug] [MainThread]: Command `dbt run` failed at 11:59:06.770099 after 0.20 seconds
[0m11:59:06.771061 [debug] [MainThread]: Sending event: {'category': 'dbt', 'action': 'invocation', 'label': 'end', 'context': [<snowplow_tracker.self_describing_json.SelfDescribingJson object at 0x000002382C7C43E0>, <snowplow_tracker.self_describing_json.SelfDescribingJson object at 0x000002382C777AD0>, <snowplow_tracker.self_describing_json.SelfDescribingJson object at 0x000002382C798F30>]}
[0m11:59:06.771718 [debug] [MainThread]: Flushing usage events
[0m11:59:08.257420 [debug] [MainThread]: An error was encountered while trying to flush usage events
[0m12:00:29.705345 [debug] [MainThread]: Sending event: {'category': 'dbt', 'action': 'invocation', 'label': 'start', 'context': [<snowplow_tracker.self_describing_json.SelfDescribingJson object at 0x000001DFC5655BE0>, <snowplow_tracker.self_describing_json.SelfDescribingJson object at 0x000001DFC2423250>, <snowplow_tracker.self_describing_json.SelfDescribingJson object at 0x000001DFC79DC7D0>]}


============================== 12:00:29.715175 | c1d3bfbf-07c7-4c56-a4b2-2375ab9546fb ==============================
[0m12:00:29.715175 [info ] [MainThread]: Running with dbt=1.11.11
[0m12:00:29.716845 [debug] [MainThread]: running dbt with arguments {'version_check': 'True', 'no_print': 'None', 'static_parser': 'True', 'warn_error_options': 'WarnErrorOptionsV2(error=[], warn=[], silence=[])', 'target_path': 'None', 'printer_width': '80', 'write_json': 'True', 'empty': 'False', 'log_cache_events': 'False', 'introspect': 'True', 'cache_selected_only': 'False', 'fail_fast': 'False', 'debug': 'False', 'log_format': 'default', 'profiles_dir': 'C:\\Users\\mm3816\\Desktop\\db_test\\my_project', 'send_anonymous_usage_stats': 'True', 'quiet': 'False', 'warn_error': 'None', 'partial_parse': 'True', 'invocation_command': 'dbt run', 'use_colors': 'True', 'indirect_selection': 'eager', 'use_experimental_parser': 'False', 'log_path': 'C:\\Users\\mm3816\\Desktop\\db_test\\my_project\\logs'}
[0m12:00:29.721225 [error] [MainThread]: Encountered an error:
Runtime Error
  
  dbt encountered an error while trying to read your profiles.yml file.
  
  The profiles.yml file at C:\Users\mm3816\Desktop\db_test\my_project\profiles.yml is empty
  
[0m12:00:29.722600 [debug] [MainThread]: Command `dbt run` failed at 12:00:29.722424 after 0.40 seconds
[0m12:00:29.723105 [debug] [MainThread]: Sending event: {'category': 'dbt', 'action': 'invocation', 'label': 'end', 'context': [<snowplow_tracker.self_describing_json.SelfDescribingJson object at 0x000001DFC7A14510>, <snowplow_tracker.self_describing_json.SelfDescribingJson object at 0x000001DFC79C7BF0>, <snowplow_tracker.self_describing_json.SelfDescribingJson object at 0x000001DFC79E9040>]}
[0m12:00:29.723923 [debug] [MainThread]: Flushing usage events
[0m12:00:31.355138 [debug] [MainThread]: An error was encountered while trying to flush usage events
[0m12:02:30.595902 [debug] [MainThread]: Sending event: {'category': 'dbt', 'action': 'invocation', 'label': 'start', 'context': [<snowplow_tracker.self_describing_json.SelfDescribingJson object at 0x000001E43A025BE0>, <snowplow_tracker.self_describing_json.SelfDescribingJson object at 0x000001E436E33250>, <snowplow_tracker.self_describing_json.SelfDescribingJson object at 0x000001E43C3AFED0>]}


============================== 12:02:30.603584 | 0784b6d6-0e3d-4e3a-9eb2-df8c9e721634 ==============================
[0m12:02:30.603584 [info ] [MainThread]: Running with dbt=1.11.11
[0m12:02:30.605128 [debug] [MainThread]: running dbt with arguments {'static_parser': 'True', 'no_print': 'None', 'version_check': 'True', 'target_path': 'None', 'warn_error_options': 'WarnErrorOptionsV2(error=[], warn=[], silence=[])', 'printer_width': '80', 'write_json': 'True', 'empty': 'False', 'log_cache_events': 'False', 'introspect': 'True', 'cache_selected_only': 'False', 'log_format': 'default', 'debug': 'False', 'fail_fast': 'False', 'profiles_dir': 'C:\\Users\\mm3816\\Desktop\\db_test\\my_project', 'send_anonymous_usage_stats': 'True', 'quiet': 'False', 'warn_error': 'None', 'partial_parse': 'True', 'indirect_selection': 'eager', 'use_colors': 'True', 'invocation_command': 'dbt run', 'use_experimental_parser': 'False', 'log_path': 'C:\\Users\\mm3816\\Desktop\\db_test\\my_project\\logs'}
[0m12:02:30.818124 [debug] [MainThread]: Sending event: {'category': 'dbt', 'action': 'project_id', 'label': '0784b6d6-0e3d-4e3a-9eb2-df8c9e721634', 'context': [<snowplow_tracker.self_describing_json.SelfDescribingJson object at 0x000001E43A700FC0>]}
[0m12:02:30.898926 [debug] [MainThread]: Sending event: {'category': 'dbt', 'action': 'adapter_info', 'label': '0784b6d6-0e3d-4e3a-9eb2-df8c9e721634', 'context': [<snowplow_tracker.self_describing_json.SelfDescribingJson object at 0x000001E43C3BA360>]}
[0m12:02:30.900463 [info ] [MainThread]: Registered adapter: sqlite=1.10.0
[0m12:02:31.169224 [debug] [MainThread]: checksum: 30a8cc8fdcbf66701b0944d4ccce3fa46dd04b61e5df68b9f16d57b2e0e3f0be, vars: {}, profile: , target: , version: 1.11.11
[0m12:02:31.170777 [info ] [MainThread]: Unable to do partial parsing because saved manifest not found. Starting full parse.
[0m12:02:31.172141 [debug] [MainThread]: Sending event: {'category': 'dbt', 'action': 'partial_parser', 'label': '0784b6d6-0e3d-4e3a-9eb2-df8c9e721634', 'context': [<snowplow_tracker.self_describing_json.SelfDescribingJson object at 0x000001E43C37F050>]}
[0m12:02:32.140141 [debug] [MainThread]: Sending event: {'category': 'dbt', 'action': 'load_project', 'label': '0784b6d6-0e3d-4e3a-9eb2-df8c9e721634', 'context': [<snowplow_tracker.self_describing_json.SelfDescribingJson object at 0x000001E43ABFE210>]}
[0m12:02:32.202552 [debug] [MainThread]: Wrote artifact WritableManifest to C:\Users\mm3816\Desktop\db_test\my_project\target\manifest.json
[0m12:02:32.208754 [debug] [MainThread]: Wrote artifact SemanticManifest to C:\Users\mm3816\Desktop\db_test\my_project\target\semantic_manifest.json
[0m12:02:32.235243 [debug] [MainThread]: Sending event: {'category': 'dbt', 'action': 'resource_counts', 'label': '0784b6d6-0e3d-4e3a-9eb2-df8c9e721634', 'context': [<snowplow_tracker.self_describing_json.SelfDescribingJson object at 0x000001E43CC7B070>]}
[0m12:02:32.235787 [info ] [MainThread]: Found 1 model, 416 macros
[0m12:02:32.236361 [debug] [MainThread]: Sending event: {'category': 'dbt', 'action': 'runnable_timing', 'label': '0784b6d6-0e3d-4e3a-9eb2-df8c9e721634', 'context': [<snowplow_tracker.self_describing_json.SelfDescribingJson object at 0x000001E43CBF76C0>]}
[0m12:02:32.238235 [warn ] [MainThread]: Nothing to do. Try checking your model configs and model specification args
[0m12:02:32.239957 [debug] [MainThread]: Command end result
[0m12:02:32.275358 [debug] [MainThread]: Wrote artifact WritableManifest to C:\Users\mm3816\Desktop\db_test\my_project\target\manifest.json
[0m12:02:32.278578 [debug] [MainThread]: Wrote artifact SemanticManifest to C:\Users\mm3816\Desktop\db_test\my_project\target\semantic_manifest.json
[0m12:02:32.283082 [debug] [MainThread]: Wrote artifact RunExecutionResult to C:\Users\mm3816\Desktop\db_test\my_project\target\run_results.json
[0m12:02:32.283975 [debug] [MainThread]: Command `dbt run` succeeded at 12:02:32.283831 after 1.95 seconds
[0m12:02:32.284359 [debug] [MainThread]: Sending event: {'category': 'dbt', 'action': 'invocation', 'label': 'end', 'context': [<snowplow_tracker.self_describing_json.SelfDescribingJson object at 0x000001E43B17AE10>, <snowplow_tracker.self_describing_json.SelfDescribingJson object at 0x000001E43CE1CF70>, <snowplow_tracker.self_describing_json.SelfDescribingJson object at 0x000001E43CE1D180>]}
[0m12:02:32.284718 [debug] [MainThread]: Flushing usage events
[0m12:02:34.002534 [debug] [MainThread]: An error was encountered while trying to flush usage events
[0m12:05:36.875415 [debug] [MainThread]: Sending event: {'category': 'dbt', 'action': 'invocation', 'label': 'start', 'context': [<snowplow_tracker.self_describing_json.SelfDescribingJson object at 0x000002799D7B5BE0>, <snowplow_tracker.self_describing_json.SelfDescribingJson object at 0x000002799A5C3250>, <snowplow_tracker.self_describing_json.SelfDescribingJson object at 0x000002799FB23C50>]}


============================== 12:05:36.883733 | d8164654-949f-41c9-95bb-6df621a561f6 ==============================
[0m12:05:36.883733 [info ] [MainThread]: Running with dbt=1.11.11
[0m12:05:36.885284 [debug] [MainThread]: running dbt with arguments {'version_check': 'True', 'no_print': 'None', 'static_parser': 'True', 'warn_error_options': 'WarnErrorOptionsV2(error=[], warn=[], silence=[])', 'target_path': 'None', 'printer_width': '80', 'write_json': 'True', 'introspect': 'True', 'log_cache_events': 'False', 'empty': 'None', 'cache_selected_only': 'False', 'fail_fast': 'False', 'debug': 'False', 'log_format': 'default', 'partial_parse': 'True', 'send_anonymous_usage_stats': 'True', 'quiet': 'False', 'warn_error': 'None', 'profiles_dir': 'C:\\Users\\mm3816\\Desktop\\db_test\\my_project', 'indirect_selection': 'eager', 'use_colors': 'True', 'invocation_command': 'dbt ls --resource-type model', 'use_experimental_parser': 'False', 'log_path': 'C:\\Users\\mm3816\\Desktop\\db_test\\my_project\\logs'}
[0m12:05:37.054188 [debug] [MainThread]: Sending event: {'category': 'dbt', 'action': 'project_id', 'label': 'd8164654-949f-41c9-95bb-6df621a561f6', 'context': [<snowplow_tracker.self_describing_json.SelfDescribingJson object at 0x000002799DE90FC0>]}
[0m12:05:37.124955 [debug] [MainThread]: Sending event: {'category': 'dbt', 'action': 'adapter_info', 'label': 'd8164654-949f-41c9-95bb-6df621a561f6', 'context': [<snowplow_tracker.self_describing_json.SelfDescribingJson object at 0x000002799FBA0490>]}
[0m12:05:37.126178 [info ] [MainThread]: Registered adapter: sqlite=1.10.0
[0m12:05:37.368178 [debug] [MainThread]: checksum: 30a8cc8fdcbf66701b0944d4ccce3fa46dd04b61e5df68b9f16d57b2e0e3f0be, vars: {}, profile: , target: , version: 1.11.11
[0m12:05:37.454517 [info ] [MainThread]: Unable to do partial parsing because a project config has changed
[0m12:05:37.455360 [debug] [MainThread]: Sending event: {'category': 'dbt', 'action': 'partial_parser', 'label': 'd8164654-949f-41c9-95bb-6df621a561f6', 'context': [<snowplow_tracker.self_describing_json.SelfDescribingJson object at 0x000002799FB95650>]}
[0m12:05:38.431370 [debug] [MainThread]: Sending event: {'category': 'dbt', 'action': 'load_project', 'label': 'd8164654-949f-41c9-95bb-6df621a561f6', 'context': [<snowplow_tracker.self_describing_json.SelfDescribingJson object at 0x00000279A03FA030>]}
[0m12:05:38.485817 [debug] [MainThread]: Wrote artifact WritableManifest to C:\Users\mm3816\Desktop\db_test\my_project\target\manifest.json
[0m12:05:38.489338 [debug] [MainThread]: Wrote artifact SemanticManifest to C:\Users\mm3816\Desktop\db_test\my_project\target\semantic_manifest.json
[0m12:05:38.523201 [debug] [MainThread]: Sending event: {'category': 'dbt', 'action': 'resource_counts', 'label': 'd8164654-949f-41c9-95bb-6df621a561f6', 'context': [<snowplow_tracker.self_describing_json.SelfDescribingJson object at 0x00000279A051CC90>]}
[0m12:05:38.523745 [info ] [MainThread]: Found 1 model, 416 macros
[0m12:05:38.524887 [debug] [MainThread]: Sending event: {'category': 'dbt', 'action': 'runnable_timing', 'label': 'd8164654-949f-41c9-95bb-6df621a561f6', 'context': [<snowplow_tracker.self_describing_json.SelfDescribingJson object at 0x00000279A0460460>]}
[0m12:05:38.526511 [info ] [MainThread]: my_project.customers
[0m12:05:38.527899 [debug] [MainThread]: Command `dbt ls` succeeded at 12:05:38.527698 after 2.02 seconds
[0m12:05:38.528567 [debug] [MainThread]: Sending event: {'category': 'dbt', 'action': 'invocation', 'label': 'end', 'context': [<snowplow_tracker.self_describing_json.SelfDescribingJson object at 0x000002799E90A990>, <snowplow_tracker.self_describing_json.SelfDescribingJson object at 0x00000279A05DE620>, <snowplow_tracker.self_describing_json.SelfDescribingJson object at 0x00000279A05DE570>]}
[0m12:05:38.529223 [debug] [MainThread]: Flushing usage events
[0m12:05:39.885971 [debug] [MainThread]: An error was encountered while trying to flush usage events
[0m12:06:34.154893 [debug] [MainThread]: Sending event: {'category': 'dbt', 'action': 'invocation', 'label': 'start', 'context': [<snowplow_tracker.self_describing_json.SelfDescribingJson object at 0x000001E8D8365BE0>, <snowplow_tracker.self_describing_json.SelfDescribingJson object at 0x000001E8D5083250>, <snowplow_tracker.self_describing_json.SelfDescribingJson object at 0x000001E8DA70FC50>]}


============================== 12:06:34.163016 | bc58940c-9263-4905-a99f-908cdc18c716 ==============================
[0m12:06:34.163016 [info ] [MainThread]: Running with dbt=1.11.11
[0m12:06:34.164423 [debug] [MainThread]: running dbt with arguments {'static_parser': 'True', 'no_print': 'None', 'version_check': 'True', 'warn_error_options': 'WarnErrorOptionsV2(error=[], warn=[], silence=[])', 'target_path': 'None', 'printer_width': '80', 'write_json': 'True', 'introspect': 'True', 'log_cache_events': 'False', 'empty': 'False', 'cache_selected_only': 'False', 'fail_fast': 'False', 'debug': 'False', 'log_format': 'default', 'profiles_dir': 'C:\\Users\\mm3816\\Desktop\\db_test\\my_project', 'send_anonymous_usage_stats': 'True', 'quiet': 'False', 'warn_error': 'None', 'partial_parse': 'True', 'invocation_command': 'dbt run --select customers', 'use_colors': 'True', 'indirect_selection': 'eager', 'use_experimental_parser': 'False', 'log_path': 'C:\\Users\\mm3816\\Desktop\\db_test\\my_project\\logs'}
[0m12:06:34.358535 [debug] [MainThread]: Sending event: {'category': 'dbt', 'action': 'project_id', 'label': 'bc58940c-9263-4905-a99f-908cdc18c716', 'context': [<snowplow_tracker.self_describing_json.SelfDescribingJson object at 0x000001E8D8A410F0>]}
[0m12:06:34.430730 [debug] [MainThread]: Sending event: {'category': 'dbt', 'action': 'adapter_info', 'label': 'bc58940c-9263-4905-a99f-908cdc18c716', 'context': [<snowplow_tracker.self_describing_json.SelfDescribingJson object at 0x000001E8DA6F6360>]}
[0m12:06:34.431920 [info ] [MainThread]: Registered adapter: sqlite=1.10.0
[0m12:06:34.663703 [debug] [MainThread]: checksum: 30a8cc8fdcbf66701b0944d4ccce3fa46dd04b61e5df68b9f16d57b2e0e3f0be, vars: {}, profile: , target: , version: 1.11.11
[0m12:06:34.775036 [debug] [MainThread]: Partial parsing enabled: 0 files deleted, 0 files added, 0 files changed.
[0m12:06:34.775455 [debug] [MainThread]: Nothing changed, skipping partial parsing.
[0m12:06:34.775750 [debug] [MainThread]: Partial parsing enabled, no changes found, skipping parsing
[0m12:06:34.806389 [debug] [MainThread]: Sending event: {'category': 'dbt', 'action': 'load_project', 'label': 'bc58940c-9263-4905-a99f-908cdc18c716', 'context': [<snowplow_tracker.self_describing_json.SelfDescribingJson object at 0x000001E8DA6BF650>]}
[0m12:06:34.873368 [debug] [MainThread]: Wrote artifact WritableManifest to C:\Users\mm3816\Desktop\db_test\my_project\target\manifest.json
[0m12:06:34.878406 [debug] [MainThread]: Wrote artifact SemanticManifest to C:\Users\mm3816\Desktop\db_test\my_project\target\semantic_manifest.json
[0m12:06:34.896310 [debug] [MainThread]: Sending event: {'category': 'dbt', 'action': 'resource_counts', 'label': 'bc58940c-9263-4905-a99f-908cdc18c716', 'context': [<snowplow_tracker.self_describing_json.SelfDescribingJson object at 0x000001E8D8F3E120>]}
[0m12:06:34.897271 [info ] [MainThread]: Found 1 model, 416 macros
[0m12:06:34.898631 [debug] [MainThread]: Sending event: {'category': 'dbt', 'action': 'runnable_timing', 'label': 'bc58940c-9263-4905-a99f-908cdc18c716', 'context': [<snowplow_tracker.self_describing_json.SelfDescribingJson object at 0x000001E8DB11D8D0>]}
[0m12:06:34.902080 [info ] [MainThread]: 
[0m12:06:34.903375 [info ] [MainThread]: Concurrency: 1 threads (target='dev')
[0m12:06:34.904819 [info ] [MainThread]: 
[0m12:06:34.907128 [debug] [MainThread]: Acquiring new sqlite connection 'master'
[0m12:06:34.910001 [debug] [ThreadPool]: Acquiring new sqlite connection 'list_sample'
[0m12:06:35.073603 [debug] [ThreadPool]: Using sqlite connection "list_sample"
[0m12:06:35.074061 [debug] [ThreadPool]: On list_sample: BEGIN
[0m12:06:35.074371 [debug] [ThreadPool]: Opening a new connection, currently in state init
[0m12:06:35.076329 [debug] [ThreadPool]: SQL status: OK in 0.002 seconds
[0m12:06:35.076701 [debug] [ThreadPool]: Using sqlite connection "list_sample"
[0m12:06:35.077011 [debug] [ThreadPool]: On list_sample: /* {"app": "dbt", "dbt_version": "1.11.11", "profile_name": "my_project", "target_name": "dev", "connection_name": "list_sample"} */

        pragma database_list
    
[0m12:06:35.077360 [debug] [ThreadPool]: SQL status: OK in 0.000 seconds
[0m12:06:35.078616 [debug] [ThreadPool]: On list_sample: ROLLBACK
[0m12:06:35.079265 [debug] [ThreadPool]: On list_sample: Close
[0m12:06:35.081451 [debug] [ThreadPool]: Acquiring new sqlite connection 'list_sample_main'
[0m12:06:35.088138 [debug] [ThreadPool]: Using sqlite connection "list_sample_main"
[0m12:06:35.088560 [debug] [ThreadPool]: On list_sample_main: BEGIN
[0m12:06:35.089056 [debug] [ThreadPool]: Opening a new connection, currently in state init
[0m12:06:35.090468 [debug] [ThreadPool]: SQL status: OK in 0.001 seconds
[0m12:06:35.090806 [debug] [ThreadPool]: Using sqlite connection "list_sample_main"
[0m12:06:35.091103 [debug] [ThreadPool]: On list_sample_main: /* {"app": "dbt", "dbt_version": "1.11.11", "profile_name": "my_project", "target_name": "dev", "connection_name": "list_sample_main"} */

        pragma database_list
    
[0m12:06:35.091384 [debug] [ThreadPool]: SQL status: OK in 0.000 seconds
[0m12:06:35.092571 [debug] [ThreadPool]: Using sqlite connection "list_sample_main"
[0m12:06:35.092908 [debug] [ThreadPool]: On list_sample_main: /* {"app": "dbt", "dbt_version": "1.11.11", "profile_name": "my_project", "target_name": "dev", "connection_name": "list_sample_main"} */

            SELECT
                'sample' as database
                ,name
                ,'main' AS schema
                ,type as data_type
            FROM
                main.sqlite_master
            WHERE
                name NOT LIKE 'sqlite_%'
        
[0m12:06:35.093524 [debug] [ThreadPool]: SQL status: OK in 0.000 seconds
[0m12:06:35.094510 [debug] [ThreadPool]: On list_sample_main: ROLLBACK
[0m12:06:35.094933 [debug] [ThreadPool]: On list_sample_main: Close
[0m12:06:35.095776 [debug] [MainThread]: Sending event: {'category': 'dbt', 'action': 'runnable_timing', 'label': 'bc58940c-9263-4905-a99f-908cdc18c716', 'context': [<snowplow_tracker.self_describing_json.SelfDescribingJson object at 0x000001E8DB292410>]}
[0m12:06:35.096286 [debug] [MainThread]: Using sqlite connection "master"
[0m12:06:35.096571 [debug] [MainThread]: On master: BEGIN
[0m12:06:35.096834 [debug] [MainThread]: Opening a new connection, currently in state init
[0m12:06:35.097772 [debug] [MainThread]: SQL status: OK in 0.001 seconds
[0m12:06:35.098064 [debug] [MainThread]: On master: COMMIT
[0m12:06:35.098326 [debug] [MainThread]: Using sqlite connection "master"
[0m12:06:35.098578 [debug] [MainThread]: On master: COMMIT
[0m12:06:35.098842 [debug] [MainThread]: SQL status: OK in 0.000 seconds
[0m12:06:35.099090 [debug] [MainThread]: On master: Close
[0m12:06:35.115793 [debug] [Thread-1 (]: Began running node model.my_project.customers
[0m12:06:35.116431 [info ] [Thread-1 (]: 1 of 1 START sql table model main.customers .................................... [RUN]
[0m12:06:35.117317 [debug] [Thread-1 (]: Acquiring new sqlite connection 'model.my_project.customers'
[0m12:06:35.117696 [debug] [Thread-1 (]: Began compiling node model.my_project.customers
[0m12:06:35.123933 [debug] [Thread-1 (]: Writing injected SQL for node "model.my_project.customers"
[0m12:06:35.128226 [debug] [Thread-1 (]: Began executing node model.my_project.customers
[0m12:06:35.149139 [debug] [Thread-1 (]: Writing runtime sql for node "model.my_project.customers"
[0m12:06:35.153011 [debug] [Thread-1 (]: Using sqlite connection "model.my_project.customers"
[0m12:06:35.153495 [debug] [Thread-1 (]: On model.my_project.customers: BEGIN
[0m12:06:35.153886 [debug] [Thread-1 (]: Opening a new connection, currently in state init
[0m12:06:35.155042 [debug] [Thread-1 (]: SQL status: OK in 0.001 seconds
[0m12:06:35.155602 [debug] [Thread-1 (]: Using sqlite connection "model.my_project.customers"
[0m12:06:35.156118 [debug] [Thread-1 (]: On model.my_project.customers: /* {"app": "dbt", "dbt_version": "1.11.11", "profile_name": "my_project", "target_name": "dev", "node_id": "model.my_project.customers"} */

  
    
    
    create  table main."customers"
    as
        select
    1 as customer_id,
    'Ravi' as customer_name

  
[0m12:06:35.158729 [debug] [Thread-1 (]: SQL status: OK in 0.002 seconds
[0m12:06:35.166080 [debug] [Thread-1 (]: On model.my_project.customers: COMMIT
[0m12:06:35.166564 [debug] [Thread-1 (]: Using sqlite connection "model.my_project.customers"
[0m12:06:35.166916 [debug] [Thread-1 (]: On model.my_project.customers: COMMIT
[0m12:06:35.170711 [debug] [Thread-1 (]: SQL status: OK in 0.003 seconds
[0m12:06:35.177970 [debug] [Thread-1 (]: On model.my_project.customers: Close
[0m12:06:35.180968 [debug] [Thread-1 (]: Sending event: {'category': 'dbt', 'action': 'run_model', 'label': 'bc58940c-9263-4905-a99f-908cdc18c716', 'context': [<snowplow_tracker.self_describing_json.SelfDescribingJson object at 0x000001E8DB2D1310>]}
[0m12:06:35.181800 [info ] [Thread-1 (]: 1 of 1 OK created sql table model main.customers ............................... [[32mOK[0m in 0.06s]
[0m12:06:35.182712 [debug] [Thread-1 (]: Finished running node model.my_project.customers
[0m12:06:35.184523 [debug] [MainThread]: Using sqlite connection "master"
[0m12:06:35.184863 [debug] [MainThread]: On master: BEGIN
[0m12:06:35.185147 [debug] [MainThread]: Opening a new connection, currently in state closed
[0m12:06:35.186245 [debug] [MainThread]: SQL status: OK in 0.001 seconds
[0m12:06:35.186567 [debug] [MainThread]: On master: COMMIT
[0m12:06:35.186838 [debug] [MainThread]: Using sqlite connection "master"
[0m12:06:35.187095 [debug] [MainThread]: On master: COMMIT
[0m12:06:35.187355 [debug] [MainThread]: SQL status: OK in 0.000 seconds
[0m12:06:35.187605 [debug] [MainThread]: On master: Close
[0m12:06:35.188002 [debug] [MainThread]: Connection 'master' was properly closed.
[0m12:06:35.188253 [debug] [MainThread]: Connection 'list_sample' was properly closed.
[0m12:06:35.188475 [debug] [MainThread]: Connection 'list_sample_main' was properly closed.
[0m12:06:35.188698 [debug] [MainThread]: Connection 'model.my_project.customers' was properly closed.
[0m12:06:35.188976 [info ] [MainThread]: 
[0m12:06:35.189398 [info ] [MainThread]: Finished running 1 table model in 0 hours 0 minutes and 0.28 seconds (0.28s).
[0m12:06:35.191219 [debug] [MainThread]: Command end result
[0m12:06:35.316646 [debug] [MainThread]: Wrote artifact WritableManifest to C:\Users\mm3816\Desktop\db_test\my_project\target\manifest.json
[0m12:06:35.324474 [debug] [MainThread]: Wrote artifact SemanticManifest to C:\Users\mm3816\Desktop\db_test\my_project\target\semantic_manifest.json
[0m12:06:35.336606 [debug] [MainThread]: Wrote artifact RunExecutionResult to C:\Users\mm3816\Desktop\db_test\my_project\target\run_results.json
[0m12:06:35.337091 [info ] [MainThread]: 
[0m12:06:35.337960 [info ] [MainThread]: [32mCompleted successfully[0m
[0m12:06:35.338742 [info ] [MainThread]: 
[0m12:06:35.339848 [info ] [MainThread]: Done. PASS=1 WARN=0 ERROR=0 SKIP=0 NO-OP=0 TOTAL=1
[0m12:06:35.340970 [debug] [MainThread]: Command `dbt run` succeeded at 12:06:35.340798 after 1.54 seconds
[0m12:06:35.341589 [debug] [MainThread]: Sending event: {'category': 'dbt', 'action': 'invocation', 'label': 'end', 'context': [<snowplow_tracker.self_describing_json.SelfDescribingJson object at 0x000001E8DAFFFA10>, <snowplow_tracker.self_describing_json.SelfDescribingJson object at 0x000001E8DAD29E50>, <snowplow_tracker.self_describing_json.SelfDescribingJson object at 0x000001E8DAD2A0D0>]}
[0m12:06:35.342020 [debug] [MainThread]: Flushing usage events
[0m12:06:39.157631 [debug] [MainThread]: An error was encountered while trying to flush usage events
[0m12:08:12.913684 [debug] [MainThread]: Sending event: {'category': 'dbt', 'action': 'invocation', 'label': 'start', 'context': [<snowplow_tracker.self_describing_json.SelfDescribingJson object at 0x000002C056AD5BE0>, <snowplow_tracker.self_describing_json.SelfDescribingJson object at 0x000002C0538E3250>, <snowplow_tracker.self_describing_json.SelfDescribingJson object at 0x000002C058E8FC50>]}


============================== 12:08:12.920414 | 45bcbe23-7a00-44c0-8eae-1d1f00d975f9 ==============================
[0m12:08:12.920414 [info ] [MainThread]: Running with dbt=1.11.11
[0m12:08:12.921348 [debug] [MainThread]: running dbt with arguments {'static_parser': 'True', 'no_print': 'None', 'version_check': 'True', 'warn_error_options': 'WarnErrorOptionsV2(error=[], warn=[], silence=[])', 'target_path': 'None', 'printer_width': '80', 'write_json': 'True', 'introspect': 'True', 'log_cache_events': 'False', 'empty': 'False', 'cache_selected_only': 'False', 'log_format': 'default', 'debug': 'False', 'fail_fast': 'False', 'partial_parse': 'True', 'send_anonymous_usage_stats': 'True', 'quiet': 'False', 'warn_error': 'None', 'profiles_dir': 'C:\\Users\\mm3816\\Desktop\\db_test\\my_project', 'invocation_command': 'dbt run', 'indirect_selection': 'eager', 'use_colors': 'True', 'use_experimental_parser': 'False', 'log_path': 'C:\\Users\\mm3816\\Desktop\\db_test\\my_project\\logs'}
[0m12:08:13.102636 [debug] [MainThread]: Sending event: {'category': 'dbt', 'action': 'project_id', 'label': '45bcbe23-7a00-44c0-8eae-1d1f00d975f9', 'context': [<snowplow_tracker.self_describing_json.SelfDescribingJson object at 0x000002C0571C10F0>]}
[0m12:08:13.182832 [debug] [MainThread]: Sending event: {'category': 'dbt', 'action': 'adapter_info', 'label': '45bcbe23-7a00-44c0-8eae-1d1f00d975f9', 'context': [<snowplow_tracker.self_describing_json.SelfDescribingJson object at 0x000002C058E76360>]}
[0m12:08:13.184091 [info ] [MainThread]: Registered adapter: sqlite=1.10.0
[0m12:08:13.418148 [debug] [MainThread]: checksum: 30a8cc8fdcbf66701b0944d4ccce3fa46dd04b61e5df68b9f16d57b2e0e3f0be, vars: {}, profile: , target: , version: 1.11.11
[0m12:08:13.636077 [debug] [MainThread]: Partial parsing enabled: 0 files deleted, 0 files added, 1 files changed.
[0m12:08:13.636780 [debug] [MainThread]: Partial parsing: updated file: my_project://models\customers.sql
[0m12:08:13.961485 [debug] [MainThread]: Sending event: {'category': 'dbt', 'action': 'load_project', 'label': '45bcbe23-7a00-44c0-8eae-1d1f00d975f9', 'context': [<snowplow_tracker.self_describing_json.SelfDescribingJson object at 0x000002C059744A50>]}
[0m12:08:14.109359 [debug] [MainThread]: Wrote artifact WritableManifest to C:\Users\mm3816\Desktop\db_test\my_project\target\manifest.json
[0m12:08:14.112747 [debug] [MainThread]: Wrote artifact SemanticManifest to C:\Users\mm3816\Desktop\db_test\my_project\target\semantic_manifest.json
[0m12:08:14.122422 [error] [MainThread]: Encountered an error:
Found a cycle: model.my_project.customers
[0m12:08:14.125994 [error] [MainThread]: Traceback (most recent call last):
  File "C:\Users\mm3816\Desktop\db_test\venv\Lib\site-packages\dbt\cli\requires.py", line 182, in wrapper
    result, success = func(*args, **kwargs)
                      ~~~~^^^^^^^^^^^^^^^^^
  File "C:\Users\mm3816\Desktop\db_test\venv\Lib\site-packages\dbt\cli\requires.py", line 128, in wrapper
    return func(*args, **kwargs)
  File "C:\Users\mm3816\Desktop\db_test\venv\Lib\site-packages\dbt\cli\requires.py", line 276, in wrapper
    return func(*args, **kwargs)
  File "C:\Users\mm3816\Desktop\db_test\venv\Lib\site-packages\dbt\cli\requires.py", line 321, in wrapper
    return func(*args, **kwargs)
  File "C:\Users\mm3816\Desktop\db_test\venv\Lib\site-packages\dbt\cli\requires.py", line 391, in wrapper
    return func(*args, **kwargs)
  File "C:\Users\mm3816\Desktop\db_test\venv\Lib\site-packages\dbt\cli\requires.py", line 368, in wrapper
    return func(*args, **kwargs)
  File "C:\Users\mm3816\Desktop\db_test\venv\Lib\site-packages\dbt\cli\requires.py", line 408, in wrapper
    return func(*args, **kwargs)
  File "C:\Users\mm3816\Desktop\db_test\venv\Lib\site-packages\dbt\cli\main.py", line 593, in run
    results = task.run()
  File "C:\Users\mm3816\Desktop\db_test\venv\Lib\site-packages\dbt\task\runnable.py", line 610, in run
    self._runtime_initialize()
    ~~~~~~~~~~~~~~~~~~~~~~~~^^
  File "C:\Users\mm3816\Desktop\db_test\venv\Lib\site-packages\dbt\task\compile.py", line 143, in _runtime_initialize
    super()._runtime_initialize()
    ~~~~~~~~~~~~~~~~~~~~~~~~~~~^^
  File "C:\Users\mm3816\Desktop\db_test\venv\Lib\site-packages\dbt\task\runnable.py", line 182, in _runtime_initialize
    self.compile_manifest()
    ~~~~~~~~~~~~~~~~~~~~~^^
  File "C:\Users\mm3816\Desktop\db_test\venv\Lib\site-packages\dbt\task\base.py", line 135, in compile_manifest
    self.graph = self.compiler.compile(self.manifest)
                 ~~~~~~~~~~~~~~~~~~~~~^^^^^^^^^^^^^^^
  File "C:\Users\mm3816\Desktop\db_test\venv\Lib\site-packages\dbt\compilation.py", line 680, in compile
    linker.link_graph(manifest)
    ~~~~~~~~~~~~~~~~~^^^^^^^^^^
  File "C:\Users\mm3816\Desktop\db_test\venv\Lib\site-packages\dbt\compilation.py", line 212, in link_graph
    raise RuntimeError("Found a cycle: {}".format(cycle))
RuntimeError: Found a cycle: model.my_project.customers

[0m12:08:14.127724 [debug] [MainThread]: Command `dbt run` failed at 12:08:14.127576 after 1.57 seconds
[0m12:08:14.128114 [debug] [MainThread]: Sending event: {'category': 'dbt', 'action': 'invocation', 'label': 'end', 'context': [<snowplow_tracker.self_describing_json.SelfDescribingJson object at 0x000002C0599B1040>, <snowplow_tracker.self_describing_json.SelfDescribingJson object at 0x000002C0599B1130>, <snowplow_tracker.self_describing_json.SelfDescribingJson object at 0x000002C058E37E70>]}
[0m12:08:14.128505 [debug] [MainThread]: Flushing usage events
[0m12:08:15.802769 [debug] [MainThread]: An error was encountered while trying to flush usage events
[0m12:11:23.261576 [debug] [MainThread]: Sending event: {'category': 'dbt', 'action': 'invocation', 'label': 'start', 'context': [<snowplow_tracker.self_describing_json.SelfDescribingJson object at 0x00000176075E5BE0>, <snowplow_tracker.self_describing_json.SelfDescribingJson object at 0x0000017604373250>, <snowplow_tracker.self_describing_json.SelfDescribingJson object at 0x000001760997FED0>]}


============================== 12:11:23.268698 | cfa8d21d-5648-4d70-a059-a778335c878b ==============================
[0m12:11:23.268698 [info ] [MainThread]: Running with dbt=1.11.11
[0m12:11:23.269895 [debug] [MainThread]: running dbt with arguments {'static_parser': 'True', 'no_print': 'None', 'version_check': 'True', 'warn_error_options': 'WarnErrorOptionsV2(error=[], warn=[], silence=[])', 'target_path': 'None', 'printer_width': '80', 'write_json': 'True', 'introspect': 'True', 'log_cache_events': 'False', 'empty': 'False', 'cache_selected_only': 'False', 'log_format': 'default', 'debug': 'False', 'fail_fast': 'False', 'partial_parse': 'True', 'send_anonymous_usage_stats': 'True', 'quiet': 'False', 'warn_error': 'None', 'profiles_dir': 'C:\\Users\\mm3816\\Desktop\\db_test\\my_project', 'indirect_selection': 'eager', 'use_colors': 'True', 'invocation_command': 'dbt run', 'use_experimental_parser': 'False', 'log_path': 'C:\\Users\\mm3816\\Desktop\\db_test\\my_project\\logs'}
[0m12:11:23.440175 [debug] [MainThread]: Sending event: {'category': 'dbt', 'action': 'project_id', 'label': 'cfa8d21d-5648-4d70-a059-a778335c878b', 'context': [<snowplow_tracker.self_describing_json.SelfDescribingJson object at 0x0000017607CD0FC0>]}
[0m12:11:23.512388 [debug] [MainThread]: Sending event: {'category': 'dbt', 'action': 'adapter_info', 'label': 'cfa8d21d-5648-4d70-a059-a778335c878b', 'context': [<snowplow_tracker.self_describing_json.SelfDescribingJson object at 0x000001760998A360>]}
[0m12:11:23.513585 [info ] [MainThread]: Registered adapter: sqlite=1.10.0
[0m12:11:23.728320 [debug] [MainThread]: checksum: 30a8cc8fdcbf66701b0944d4ccce3fa46dd04b61e5df68b9f16d57b2e0e3f0be, vars: {}, profile: , target: , version: 1.11.11
[0m12:11:23.849153 [debug] [MainThread]: Partial parsing enabled: 0 files deleted, 1 files added, 1 files changed.
[0m12:11:23.849684 [debug] [MainThread]: Partial parsing: added file: my_project://models\customer_summary.sql
[0m12:11:23.850077 [debug] [MainThread]: Partial parsing: updated file: my_project://models\customers.sql
[0m12:11:24.125258 [debug] [MainThread]: Sending event: {'category': 'dbt', 'action': 'load_project', 'label': 'cfa8d21d-5648-4d70-a059-a778335c878b', 'context': [<snowplow_tracker.self_describing_json.SelfDescribingJson object at 0x000001760A1C8F50>]}
[0m12:11:24.267433 [debug] [MainThread]: Wrote artifact WritableManifest to C:\Users\mm3816\Desktop\db_test\my_project\target\manifest.json
[0m12:11:24.271134 [debug] [MainThread]: Wrote artifact SemanticManifest to C:\Users\mm3816\Desktop\db_test\my_project\target\semantic_manifest.json
[0m12:11:24.283032 [debug] [MainThread]: Sending event: {'category': 'dbt', 'action': 'resource_counts', 'label': 'cfa8d21d-5648-4d70-a059-a778335c878b', 'context': [<snowplow_tracker.self_describing_json.SelfDescribingJson object at 0x00000176081CE120>]}
[0m12:11:24.283573 [info ] [MainThread]: Found 2 models, 416 macros
[0m12:11:24.284625 [debug] [MainThread]: Sending event: {'category': 'dbt', 'action': 'runnable_timing', 'label': 'cfa8d21d-5648-4d70-a059-a778335c878b', 'context': [<snowplow_tracker.self_describing_json.SelfDescribingJson object at 0x000001760A412CF0>]}
[0m12:11:24.286967 [info ] [MainThread]: 
[0m12:11:24.287828 [info ] [MainThread]: Concurrency: 1 threads (target='dev')
[0m12:11:24.288402 [info ] [MainThread]: 
[0m12:11:24.289492 [debug] [MainThread]: Acquiring new sqlite connection 'master'
[0m12:11:24.297435 [debug] [ThreadPool]: Acquiring new sqlite connection 'list_sample'
[0m12:11:24.421867 [debug] [ThreadPool]: Using sqlite connection "list_sample"
[0m12:11:24.422279 [debug] [ThreadPool]: On list_sample: BEGIN
[0m12:11:24.422544 [debug] [ThreadPool]: Opening a new connection, currently in state init
[0m12:11:24.423837 [debug] [ThreadPool]: SQL status: OK in 0.001 seconds
[0m12:11:24.424192 [debug] [ThreadPool]: Using sqlite connection "list_sample"
[0m12:11:24.424468 [debug] [ThreadPool]: On list_sample: /* {"app": "dbt", "dbt_version": "1.11.11", "profile_name": "my_project", "target_name": "dev", "connection_name": "list_sample"} */

        pragma database_list
    
[0m12:11:24.424828 [debug] [ThreadPool]: SQL status: OK in 0.000 seconds
[0m12:11:24.426099 [debug] [ThreadPool]: On list_sample: ROLLBACK
[0m12:11:24.426447 [debug] [ThreadPool]: On list_sample: Close
[0m12:11:24.428277 [debug] [ThreadPool]: Acquiring new sqlite connection 'list_sample_main'
[0m12:11:24.435219 [debug] [ThreadPool]: Using sqlite connection "list_sample_main"
[0m12:11:24.435630 [debug] [ThreadPool]: On list_sample_main: BEGIN
[0m12:11:24.435916 [debug] [ThreadPool]: Opening a new connection, currently in state init
[0m12:11:24.436953 [debug] [ThreadPool]: SQL status: OK in 0.001 seconds
[0m12:11:24.437290 [debug] [ThreadPool]: Using sqlite connection "list_sample_main"
[0m12:11:24.437574 [debug] [ThreadPool]: On list_sample_main: /* {"app": "dbt", "dbt_version": "1.11.11", "profile_name": "my_project", "target_name": "dev", "connection_name": "list_sample_main"} */

        pragma database_list
    
[0m12:11:24.437852 [debug] [ThreadPool]: SQL status: OK in 0.000 seconds
[0m12:11:24.439121 [debug] [ThreadPool]: Using sqlite connection "list_sample_main"
[0m12:11:24.439456 [debug] [ThreadPool]: On list_sample_main: /* {"app": "dbt", "dbt_version": "1.11.11", "profile_name": "my_project", "target_name": "dev", "connection_name": "list_sample_main"} */

            SELECT
                'sample' as database
                ,name
                ,'main' AS schema
                ,type as data_type
            FROM
                main.sqlite_master
            WHERE
                name NOT LIKE 'sqlite_%'
        
[0m12:11:24.440066 [debug] [ThreadPool]: SQL status: OK in 0.000 seconds
[0m12:11:24.441102 [debug] [ThreadPool]: On list_sample_main: ROLLBACK
[0m12:11:24.441421 [debug] [ThreadPool]: On list_sample_main: Close
[0m12:11:24.442758 [debug] [MainThread]: Sending event: {'category': 'dbt', 'action': 'runnable_timing', 'label': 'cfa8d21d-5648-4d70-a059-a778335c878b', 'context': [<snowplow_tracker.self_describing_json.SelfDescribingJson object at 0x000001760A419E60>]}
[0m12:11:24.443316 [debug] [MainThread]: Using sqlite connection "master"
[0m12:11:24.443696 [debug] [MainThread]: On master: BEGIN
[0m12:11:24.444008 [debug] [MainThread]: Opening a new connection, currently in state init
[0m12:11:24.445045 [debug] [MainThread]: SQL status: OK in 0.001 seconds
[0m12:11:24.445413 [debug] [MainThread]: On master: COMMIT
[0m12:11:24.445757 [debug] [MainThread]: Using sqlite connection "master"
[0m12:11:24.446050 [debug] [MainThread]: On master: COMMIT
[0m12:11:24.446344 [debug] [MainThread]: SQL status: OK in 0.000 seconds
[0m12:11:24.446673 [debug] [MainThread]: On master: Close
[0m12:11:24.450813 [debug] [Thread-1 (]: Began running node model.my_project.customers
[0m12:11:24.451387 [info ] [Thread-1 (]: 1 of 2 START sql table model main.customers .................................... [RUN]
[0m12:11:24.451998 [debug] [Thread-1 (]: Acquiring new sqlite connection 'model.my_project.customers'
[0m12:11:24.452379 [debug] [Thread-1 (]: Began compiling node model.my_project.customers
[0m12:11:24.460286 [debug] [Thread-1 (]: Writing injected SQL for node "model.my_project.customers"
[0m12:11:24.462589 [debug] [Thread-1 (]: Began executing node model.my_project.customers
[0m12:11:24.480580 [debug] [Thread-1 (]: Using sqlite connection "model.my_project.customers"
[0m12:11:24.481090 [debug] [Thread-1 (]: On model.my_project.customers: /* {"app": "dbt", "dbt_version": "1.11.11", "profile_name": "my_project", "target_name": "dev", "node_id": "model.my_project.customers"} */
drop table if exists "main"."customers"
[0m12:11:24.481426 [debug] [Thread-1 (]: Opening a new connection, currently in state init
[0m12:11:24.490837 [debug] [Thread-1 (]: SQL status: OK in 0.009 seconds
[0m12:11:24.496586 [debug] [Thread-1 (]: Writing runtime sql for node "model.my_project.customers"
[0m12:11:24.498267 [debug] [Thread-1 (]: Using sqlite connection "model.my_project.customers"
[0m12:11:24.498682 [debug] [Thread-1 (]: On model.my_project.customers: BEGIN
[0m12:11:24.499038 [debug] [Thread-1 (]: SQL status: OK in 0.000 seconds
[0m12:11:24.499344 [debug] [Thread-1 (]: Using sqlite connection "model.my_project.customers"
[0m12:11:24.499670 [debug] [Thread-1 (]: On model.my_project.customers: /* {"app": "dbt", "dbt_version": "1.11.11", "profile_name": "my_project", "target_name": "dev", "node_id": "model.my_project.customers"} */

  
    
    
    create  table main."customers"
    as
        select
    1 as customer_id,
    'Ravi' as customer_name

  
[0m12:11:24.501908 [debug] [Thread-1 (]: SQL status: OK in 0.002 seconds
[0m12:11:24.507400 [debug] [Thread-1 (]: On model.my_project.customers: COMMIT
[0m12:11:24.507836 [debug] [Thread-1 (]: Using sqlite connection "model.my_project.customers"
[0m12:11:24.508165 [debug] [Thread-1 (]: On model.my_project.customers: COMMIT
[0m12:11:24.510794 [debug] [Thread-1 (]: SQL status: OK in 0.002 seconds
[0m12:11:24.513483 [debug] [Thread-1 (]: On model.my_project.customers: Close
[0m12:11:24.516031 [debug] [Thread-1 (]: Sending event: {'category': 'dbt', 'action': 'run_model', 'label': 'cfa8d21d-5648-4d70-a059-a778335c878b', 'context': [<snowplow_tracker.self_describing_json.SelfDescribingJson object at 0x000001760A25DF10>]}
[0m12:11:24.516686 [info ] [Thread-1 (]: 1 of 2 OK created sql table model main.customers ............................... [[32mOK[0m in 0.06s]
[0m12:11:24.517969 [debug] [Thread-1 (]: Finished running node model.my_project.customers
[0m12:11:24.518721 [debug] [Thread-1 (]: Began running node model.my_project.customer_summary
[0m12:11:24.519332 [info ] [Thread-1 (]: 2 of 2 START sql table model main.customer_summary ............................. [RUN]
[0m12:11:24.520004 [debug] [Thread-1 (]: Re-using an available connection from the pool (formerly model.my_project.customers, now model.my_project.customer_summary)
[0m12:11:24.520361 [debug] [Thread-1 (]: Began compiling node model.my_project.customer_summary
[0m12:11:24.524155 [debug] [Thread-1 (]: Writing injected SQL for node "model.my_project.customer_summary"
[0m12:11:24.526155 [debug] [Thread-1 (]: Began executing node model.my_project.customer_summary
[0m12:11:24.528195 [debug] [Thread-1 (]: Writing runtime sql for node "model.my_project.customer_summary"
[0m12:11:24.530046 [debug] [Thread-1 (]: Using sqlite connection "model.my_project.customer_summary"
[0m12:11:24.530430 [debug] [Thread-1 (]: On model.my_project.customer_summary: BEGIN
[0m12:11:24.530741 [debug] [Thread-1 (]: Opening a new connection, currently in state closed
[0m12:11:24.531770 [debug] [Thread-1 (]: SQL status: OK in 0.001 seconds
[0m12:11:24.532137 [debug] [Thread-1 (]: Using sqlite connection "model.my_project.customer_summary"
[0m12:11:24.532453 [debug] [Thread-1 (]: On model.my_project.customer_summary: /* {"app": "dbt", "dbt_version": "1.11.11", "profile_name": "my_project", "target_name": "dev", "node_id": "model.my_project.customer_summary"} */

  
    
    
    create  table main."customer_summary"
    as
        select
    count(*) as total_customers
from main."customers"

  
[0m12:11:24.534043 [debug] [Thread-1 (]: SQL status: OK in 0.001 seconds
[0m12:11:24.535768 [debug] [Thread-1 (]: On model.my_project.customer_summary: COMMIT
[0m12:11:24.536304 [debug] [Thread-1 (]: Using sqlite connection "model.my_project.customer_summary"
[0m12:11:24.536936 [debug] [Thread-1 (]: On model.my_project.customer_summary: COMMIT
[0m12:11:24.540439 [debug] [Thread-1 (]: SQL status: OK in 0.003 seconds
[0m12:11:24.541420 [debug] [Thread-1 (]: On model.my_project.customer_summary: Close
[0m12:11:24.543417 [debug] [Thread-1 (]: Sending event: {'category': 'dbt', 'action': 'run_model', 'label': 'cfa8d21d-5648-4d70-a059-a778335c878b', 'context': [<snowplow_tracker.self_describing_json.SelfDescribingJson object at 0x000001760A5ED230>]}
[0m12:11:24.545303 [info ] [Thread-1 (]: 2 of 2 OK created sql table model main.customer_summary ........................ [[32mOK[0m in 0.02s]
[0m12:11:24.546319 [debug] [Thread-1 (]: Finished running node model.my_project.customer_summary
[0m12:11:24.548204 [debug] [MainThread]: Using sqlite connection "master"
[0m12:11:24.548642 [debug] [MainThread]: On master: BEGIN
[0m12:11:24.548957 [debug] [MainThread]: Opening a new connection, currently in state closed
[0m12:11:24.550110 [debug] [MainThread]: SQL status: OK in 0.001 seconds
[0m12:11:24.550470 [debug] [MainThread]: On master: COMMIT
[0m12:11:24.550762 [debug] [MainThread]: Using sqlite connection "master"
[0m12:11:24.551037 [debug] [MainThread]: On master: COMMIT
[0m12:11:24.552003 [debug] [MainThread]: SQL status: OK in 0.000 seconds
[0m12:11:24.552900 [debug] [MainThread]: On master: Close
[0m12:11:24.554515 [debug] [MainThread]: Connection 'master' was properly closed.
[0m12:11:24.554988 [debug] [MainThread]: Connection 'list_sample' was properly closed.
[0m12:11:24.555265 [debug] [MainThread]: Connection 'list_sample_main' was properly closed.
[0m12:11:24.555510 [debug] [MainThread]: Connection 'model.my_project.customer_summary' was properly closed.
[0m12:11:24.556258 [info ] [MainThread]: 
[0m12:11:24.556874 [info ] [MainThread]: Finished running 2 table models in 0 hours 0 minutes and 0.27 seconds (0.27s).
[0m12:11:24.557880 [debug] [MainThread]: Command end result
[0m12:11:24.581390 [debug] [MainThread]: Wrote artifact WritableManifest to C:\Users\mm3816\Desktop\db_test\my_project\target\manifest.json
[0m12:11:24.585585 [debug] [MainThread]: Wrote artifact SemanticManifest to C:\Users\mm3816\Desktop\db_test\my_project\target\semantic_manifest.json
[0m12:11:24.596350 [debug] [MainThread]: Wrote artifact RunExecutionResult to C:\Users\mm3816\Desktop\db_test\my_project\target\run_results.json
[0m12:11:24.596778 [info ] [MainThread]: 
[0m12:11:24.597539 [info ] [MainThread]: [32mCompleted successfully[0m
[0m12:11:24.598070 [info ] [MainThread]: 
[0m12:11:24.598600 [info ] [MainThread]: Done. PASS=2 WARN=0 ERROR=0 SKIP=0 NO-OP=0 TOTAL=2
[0m12:11:24.599664 [debug] [MainThread]: Command `dbt run` succeeded at 12:11:24.599520 after 1.61 seconds
[0m12:11:24.600165 [debug] [MainThread]: Sending event: {'category': 'dbt', 'action': 'invocation', 'label': 'end', 'context': [<snowplow_tracker.self_describing_json.SelfDescribingJson object at 0x000001760A0CBBB0>, <snowplow_tracker.self_describing_json.SelfDescribingJson object at 0x000001760A6AA8D0>, <snowplow_tracker.self_describing_json.SelfDescribingJson object at 0x00000176054B0750>]}
[0m12:11:24.600747 [debug] [MainThread]: Flushing usage events
[0m12:11:26.142036 [debug] [MainThread]: An error was encountered while trying to flush usage events
[0m12:14:56.682023 [debug] [MainThread]: Sending event: {'category': 'dbt', 'action': 'invocation', 'label': 'start', 'context': [<snowplow_tracker.self_describing_json.SelfDescribingJson object at 0x0000026601885BE0>, <snowplow_tracker.self_describing_json.SelfDescribingJson object at 0x000002667E4F3250>, <snowplow_tracker.self_describing_json.SelfDescribingJson object at 0x0000026603C0FED0>]}


============================== 12:14:56.689213 | 96d620df-5eef-4248-8227-2889e2d91d83 ==============================
[0m12:14:56.689213 [info ] [MainThread]: Running with dbt=1.11.11
[0m12:14:56.690333 [debug] [MainThread]: running dbt with arguments {'version_check': 'True', 'no_print': 'None', 'static_parser': 'True', 'target_path': 'None', 'warn_error_options': 'WarnErrorOptionsV2(error=[], warn=[], silence=[])', 'printer_width': '80', 'write_json': 'True', 'introspect': 'True', 'log_cache_events': 'False', 'empty': 'False', 'cache_selected_only': 'False', 'fail_fast': 'False', 'debug': 'False', 'log_format': 'default', 'partial_parse': 'True', 'send_anonymous_usage_stats': 'True', 'quiet': 'False', 'warn_error': 'None', 'profiles_dir': 'C:\\Users\\mm3816\\Desktop\\db_test\\my_project', 'use_colors': 'True', 'invocation_command': 'dbt run', 'indirect_selection': 'eager', 'use_experimental_parser': 'False', 'log_path': 'C:\\Users\\mm3816\\Desktop\\db_test\\my_project\\logs'}
[0m12:14:56.860132 [debug] [MainThread]: Sending event: {'category': 'dbt', 'action': 'project_id', 'label': '96d620df-5eef-4248-8227-2889e2d91d83', 'context': [<snowplow_tracker.self_describing_json.SelfDescribingJson object at 0x0000026601F60FC0>]}
[0m12:14:56.926661 [debug] [MainThread]: Sending event: {'category': 'dbt', 'action': 'adapter_info', 'label': '96d620df-5eef-4248-8227-2889e2d91d83', 'context': [<snowplow_tracker.self_describing_json.SelfDescribingJson object at 0x0000026603C1A360>]}
[0m12:14:56.928012 [info ] [MainThread]: Registered adapter: sqlite=1.10.0
[0m12:14:57.154434 [debug] [MainThread]: checksum: 30a8cc8fdcbf66701b0944d4ccce3fa46dd04b61e5df68b9f16d57b2e0e3f0be, vars: {}, profile: , target: , version: 1.11.11
[0m12:14:57.282594 [debug] [MainThread]: Partial parsing enabled: 0 files deleted, 0 files added, 0 files changed.
[0m12:14:57.283020 [debug] [MainThread]: Nothing changed, skipping partial parsing.
[0m12:14:57.283292 [debug] [MainThread]: Partial parsing enabled, no changes found, skipping parsing
[0m12:14:57.311941 [debug] [MainThread]: Sending event: {'category': 'dbt', 'action': 'load_project', 'label': '96d620df-5eef-4248-8227-2889e2d91d83', 'context': [<snowplow_tracker.self_describing_json.SelfDescribingJson object at 0x0000026603BDE050>]}
[0m12:14:57.378526 [debug] [MainThread]: Wrote artifact WritableManifest to C:\Users\mm3816\Desktop\db_test\my_project\target\manifest.json
[0m12:14:57.383127 [debug] [MainThread]: Wrote artifact SemanticManifest to C:\Users\mm3816\Desktop\db_test\my_project\target\semantic_manifest.json
[0m12:14:57.400269 [debug] [MainThread]: Sending event: {'category': 'dbt', 'action': 'resource_counts', 'label': '96d620df-5eef-4248-8227-2889e2d91d83', 'context': [<snowplow_tracker.self_describing_json.SelfDescribingJson object at 0x000002660245E120>]}
[0m12:14:57.400802 [info ] [MainThread]: Found 2 models, 416 macros
[0m12:14:57.401456 [debug] [MainThread]: Sending event: {'category': 'dbt', 'action': 'runnable_timing', 'label': '96d620df-5eef-4248-8227-2889e2d91d83', 'context': [<snowplow_tracker.self_describing_json.SelfDescribingJson object at 0x00000266046D4910>]}
[0m12:14:57.403376 [info ] [MainThread]: 
[0m12:14:57.404062 [info ] [MainThread]: Concurrency: 1 threads (target='dev')
[0m12:14:57.404677 [info ] [MainThread]: 
[0m12:14:57.405568 [debug] [MainThread]: Acquiring new sqlite connection 'master'
[0m12:14:57.410908 [debug] [ThreadPool]: Acquiring new sqlite connection 'list_sample'
[0m12:14:57.594315 [debug] [ThreadPool]: Using sqlite connection "list_sample"
[0m12:14:57.594745 [debug] [ThreadPool]: On list_sample: BEGIN
[0m12:14:57.595031 [debug] [ThreadPool]: Opening a new connection, currently in state init
[0m12:14:57.596269 [debug] [ThreadPool]: SQL status: OK in 0.001 seconds
[0m12:14:57.596603 [debug] [ThreadPool]: Using sqlite connection "list_sample"
[0m12:14:57.596880 [debug] [ThreadPool]: On list_sample: /* {"app": "dbt", "dbt_version": "1.11.11", "profile_name": "my_project", "target_name": "dev", "connection_name": "list_sample"} */

        pragma database_list
    
[0m12:14:57.597192 [debug] [ThreadPool]: SQL status: OK in 0.000 seconds
[0m12:14:57.598359 [debug] [ThreadPool]: On list_sample: ROLLBACK
[0m12:14:57.598697 [debug] [ThreadPool]: On list_sample: Close
[0m12:14:57.600278 [debug] [ThreadPool]: Acquiring new sqlite connection 'list_sample_main'
[0m12:14:57.607480 [debug] [ThreadPool]: Using sqlite connection "list_sample_main"
[0m12:14:57.607898 [debug] [ThreadPool]: On list_sample_main: BEGIN
[0m12:14:57.608191 [debug] [ThreadPool]: Opening a new connection, currently in state init
[0m12:14:57.609216 [debug] [ThreadPool]: SQL status: OK in 0.001 seconds
[0m12:14:57.609520 [debug] [ThreadPool]: Using sqlite connection "list_sample_main"
[0m12:14:57.609776 [debug] [ThreadPool]: On list_sample_main: /* {"app": "dbt", "dbt_version": "1.11.11", "profile_name": "my_project", "target_name": "dev", "connection_name": "list_sample_main"} */

        pragma database_list
    
[0m12:14:57.610143 [debug] [ThreadPool]: SQL status: OK in 0.000 seconds
[0m12:14:57.611340 [debug] [ThreadPool]: Using sqlite connection "list_sample_main"
[0m12:14:57.611666 [debug] [ThreadPool]: On list_sample_main: /* {"app": "dbt", "dbt_version": "1.11.11", "profile_name": "my_project", "target_name": "dev", "connection_name": "list_sample_main"} */

            SELECT
                'sample' as database
                ,name
                ,'main' AS schema
                ,type as data_type
            FROM
                main.sqlite_master
            WHERE
                name NOT LIKE 'sqlite_%'
        
[0m12:14:57.612288 [debug] [ThreadPool]: SQL status: OK in 0.000 seconds
[0m12:14:57.613332 [debug] [ThreadPool]: On list_sample_main: ROLLBACK
[0m12:14:57.613654 [debug] [ThreadPool]: On list_sample_main: Close
[0m12:14:57.614992 [debug] [MainThread]: Sending event: {'category': 'dbt', 'action': 'runnable_timing', 'label': '96d620df-5eef-4248-8227-2889e2d91d83', 'context': [<snowplow_tracker.self_describing_json.SelfDescribingJson object at 0x000002660484A410>]}
[0m12:14:57.615487 [debug] [MainThread]: Using sqlite connection "master"
[0m12:14:57.615831 [debug] [MainThread]: On master: BEGIN
[0m12:14:57.616133 [debug] [MainThread]: Opening a new connection, currently in state init
[0m12:14:57.617434 [debug] [MainThread]: SQL status: OK in 0.001 seconds
[0m12:14:57.618159 [debug] [MainThread]: On master: COMMIT
[0m12:14:57.618761 [debug] [MainThread]: Using sqlite connection "master"
[0m12:14:57.619201 [debug] [MainThread]: On master: COMMIT
[0m12:14:57.619626 [debug] [MainThread]: SQL status: OK in 0.000 seconds
[0m12:14:57.619971 [debug] [MainThread]: On master: Close
[0m12:14:57.624972 [debug] [Thread-1 (]: Began running node model.my_project.customers
[0m12:14:57.625611 [info ] [Thread-1 (]: 1 of 2 START sql table model main.customers .................................... [RUN]
[0m12:14:57.626498 [debug] [Thread-1 (]: Acquiring new sqlite connection 'model.my_project.customers'
[0m12:14:57.626951 [debug] [Thread-1 (]: Began compiling node model.my_project.customers
[0m12:14:57.637513 [debug] [Thread-1 (]: Writing injected SQL for node "model.my_project.customers"
[0m12:14:57.646549 [debug] [Thread-1 (]: Began executing node model.my_project.customers
[0m12:14:57.671196 [debug] [Thread-1 (]: Using sqlite connection "model.my_project.customers"
[0m12:14:57.671687 [debug] [Thread-1 (]: On model.my_project.customers: /* {"app": "dbt", "dbt_version": "1.11.11", "profile_name": "my_project", "target_name": "dev", "node_id": "model.my_project.customers"} */
drop table if exists "main"."customers"
[0m12:14:57.672058 [debug] [Thread-1 (]: Opening a new connection, currently in state init
[0m12:14:57.678252 [debug] [Thread-1 (]: SQL status: OK in 0.006 seconds
[0m12:14:57.686298 [debug] [Thread-1 (]: Writing runtime sql for node "model.my_project.customers"
[0m12:14:57.688096 [debug] [Thread-1 (]: Using sqlite connection "model.my_project.customers"
[0m12:14:57.688729 [debug] [Thread-1 (]: On model.my_project.customers: BEGIN
[0m12:14:57.689456 [debug] [Thread-1 (]: SQL status: OK in 0.000 seconds
[0m12:14:57.689940 [debug] [Thread-1 (]: Using sqlite connection "model.my_project.customers"
[0m12:14:57.690702 [debug] [Thread-1 (]: On model.my_project.customers: /* {"app": "dbt", "dbt_version": "1.11.11", "profile_name": "my_project", "target_name": "dev", "node_id": "model.my_project.customers"} */

  
    
    
    create  table main."customers"
    as
        select
    1 as customer_id,
    'Ravi' as customer_name

  
[0m12:14:57.693101 [debug] [Thread-1 (]: SQL status: OK in 0.002 seconds
[0m12:14:57.701521 [debug] [Thread-1 (]: On model.my_project.customers: COMMIT
[0m12:14:57.702060 [debug] [Thread-1 (]: Using sqlite connection "model.my_project.customers"
[0m12:14:57.702422 [debug] [Thread-1 (]: On model.my_project.customers: COMMIT
[0m12:14:57.706748 [debug] [Thread-1 (]: SQL status: OK in 0.004 seconds
[0m12:14:57.711071 [debug] [Thread-1 (]: On model.my_project.customers: Close
[0m12:14:57.714885 [debug] [Thread-1 (]: Sending event: {'category': 'dbt', 'action': 'run_model', 'label': '96d620df-5eef-4248-8227-2889e2d91d83', 'context': [<snowplow_tracker.self_describing_json.SelfDescribingJson object at 0x00000266048793D0>]}
[0m12:14:57.715753 [info ] [Thread-1 (]: 1 of 2 OK created sql table model main.customers ............................... [[32mOK[0m in 0.09s]
[0m12:14:57.716739 [debug] [Thread-1 (]: Finished running node model.my_project.customers
[0m12:14:57.717659 [debug] [Thread-1 (]: Began running node model.my_project.customer_summary
[0m12:14:57.718283 [info ] [Thread-1 (]: 2 of 2 START sql table model main.customer_summary ............................. [RUN]
[0m12:14:57.719140 [debug] [Thread-1 (]: Re-using an available connection from the pool (formerly model.my_project.customers, now model.my_project.customer_summary)
[0m12:14:57.719620 [debug] [Thread-1 (]: Began compiling node model.my_project.customer_summary
[0m12:14:57.724031 [debug] [Thread-1 (]: Writing injected SQL for node "model.my_project.customer_summary"
[0m12:14:57.725901 [debug] [Thread-1 (]: Began executing node model.my_project.customer_summary
[0m12:14:57.841798 [debug] [Thread-1 (]: Using sqlite connection "model.my_project.customer_summary"
[0m12:14:57.843158 [debug] [Thread-1 (]: On model.my_project.customer_summary: /* {"app": "dbt", "dbt_version": "1.11.11", "profile_name": "my_project", "target_name": "dev", "node_id": "model.my_project.customer_summary"} */
drop table if exists "main"."customer_summary"
[0m12:14:57.844141 [debug] [Thread-1 (]: Opening a new connection, currently in state closed
[0m12:14:57.855217 [debug] [Thread-1 (]: SQL status: OK in 0.011 seconds
[0m12:14:57.857296 [debug] [Thread-1 (]: Writing runtime sql for node "model.my_project.customer_summary"
[0m12:14:57.858964 [debug] [Thread-1 (]: Using sqlite connection "model.my_project.customer_summary"
[0m12:14:57.859355 [debug] [Thread-1 (]: On model.my_project.customer_summary: BEGIN
[0m12:14:57.859719 [debug] [Thread-1 (]: SQL status: OK in 0.000 seconds
[0m12:14:57.860079 [debug] [Thread-1 (]: Using sqlite connection "model.my_project.customer_summary"
[0m12:14:57.860407 [debug] [Thread-1 (]: On model.my_project.customer_summary: /* {"app": "dbt", "dbt_version": "1.11.11", "profile_name": "my_project", "target_name": "dev", "node_id": "model.my_project.customer_summary"} */

  
    
    
    create  table main."customer_summary"
    as
        select
    count(*) as total_customers
from main."customers"

  
[0m12:14:57.862743 [debug] [Thread-1 (]: SQL status: OK in 0.002 seconds
[0m12:14:57.864336 [debug] [Thread-1 (]: On model.my_project.customer_summary: COMMIT
[0m12:14:57.864869 [debug] [Thread-1 (]: Using sqlite connection "model.my_project.customer_summary"
[0m12:14:57.865358 [debug] [Thread-1 (]: On model.my_project.customer_summary: COMMIT
[0m12:14:57.870790 [debug] [Thread-1 (]: SQL status: OK in 0.005 seconds
[0m12:14:57.873367 [debug] [Thread-1 (]: On model.my_project.customer_summary: Close
[0m12:14:57.875901 [debug] [Thread-1 (]: Sending event: {'category': 'dbt', 'action': 'run_model', 'label': '96d620df-5eef-4248-8227-2889e2d91d83', 'context': [<snowplow_tracker.self_describing_json.SelfDescribingJson object at 0x00000266045AE570>]}
[0m12:14:57.876999 [info ] [Thread-1 (]: 2 of 2 OK created sql table model main.customer_summary ........................ [[32mOK[0m in 0.16s]
[0m12:14:57.878211 [debug] [Thread-1 (]: Finished running node model.my_project.customer_summary
[0m12:14:57.880789 [debug] [MainThread]: Using sqlite connection "master"
[0m12:14:57.881492 [debug] [MainThread]: On master: BEGIN
[0m12:14:57.882087 [debug] [MainThread]: Opening a new connection, currently in state closed
[0m12:14:57.884229 [debug] [MainThread]: SQL status: OK in 0.002 seconds
[0m12:14:57.885363 [debug] [MainThread]: On master: COMMIT
[0m12:14:57.886766 [debug] [MainThread]: Using sqlite connection "master"
[0m12:14:57.887938 [debug] [MainThread]: On master: COMMIT
[0m12:14:57.889374 [debug] [MainThread]: SQL status: OK in 0.000 seconds
[0m12:14:57.890585 [debug] [MainThread]: On master: Close
[0m12:14:57.891861 [debug] [MainThread]: Connection 'master' was properly closed.
[0m12:14:57.893195 [debug] [MainThread]: Connection 'list_sample' was properly closed.
[0m12:14:57.894791 [debug] [MainThread]: Connection 'list_sample_main' was properly closed.
[0m12:14:57.896404 [debug] [MainThread]: Connection 'model.my_project.customer_summary' was properly closed.
[0m12:14:57.897590 [info ] [MainThread]: 
[0m12:14:57.899657 [info ] [MainThread]: Finished running 2 table models in 0 hours 0 minutes and 0.49 seconds (0.49s).
[0m12:14:57.903061 [debug] [MainThread]: Command end result
[0m12:14:57.947709 [debug] [MainThread]: Wrote artifact WritableManifest to C:\Users\mm3816\Desktop\db_test\my_project\target\manifest.json
[0m12:14:57.952417 [debug] [MainThread]: Wrote artifact SemanticManifest to C:\Users\mm3816\Desktop\db_test\my_project\target\semantic_manifest.json
[0m12:14:57.961026 [debug] [MainThread]: Wrote artifact RunExecutionResult to C:\Users\mm3816\Desktop\db_test\my_project\target\run_results.json
[0m12:14:57.961518 [info ] [MainThread]: 
[0m12:14:57.962287 [info ] [MainThread]: [32mCompleted successfully[0m
[0m12:14:57.962975 [info ] [MainThread]: 
[0m12:14:57.963653 [info ] [MainThread]: Done. PASS=2 WARN=0 ERROR=0 SKIP=0 NO-OP=0 TOTAL=2
[0m12:14:57.964808 [debug] [MainThread]: Command `dbt run` succeeded at 12:14:57.964647 after 1.56 seconds
[0m12:14:57.965315 [debug] [MainThread]: Sending event: {'category': 'dbt', 'action': 'invocation', 'label': 'end', 'context': [<snowplow_tracker.self_describing_json.SelfDescribingJson object at 0x0000026604907890>, <snowplow_tracker.self_describing_json.SelfDescribingJson object at 0x00000266046D36E0>, <snowplow_tracker.self_describing_json.SelfDescribingJson object at 0x0000026604616A50>]}
[0m12:14:57.965822 [debug] [MainThread]: Flushing usage events
[0m12:14:59.488943 [debug] [MainThread]: An error was encountered while trying to flush usage events
[0m12:15:55.546300 [debug] [MainThread]: Sending event: {'category': 'dbt', 'action': 'invocation', 'label': 'start', 'context': [<snowplow_tracker.self_describing_json.SelfDescribingJson object at 0x00000222CF865BE0>, <snowplow_tracker.self_describing_json.SelfDescribingJson object at 0x00000222CC673250>, <snowplow_tracker.self_describing_json.SelfDescribingJson object at 0x00000222D1C1FC50>]}


============================== 12:15:55.553664 | 129dd698-c6ee-42dd-a229-b7865a523af8 ==============================
[0m12:15:55.553664 [info ] [MainThread]: Running with dbt=1.11.11
[0m12:15:55.555071 [debug] [MainThread]: running dbt with arguments {'version_check': 'True', 'no_print': 'None', 'static_parser': 'True', 'target_path': 'None', 'warn_error_options': 'WarnErrorOptionsV2(error=[], warn=[], silence=[])', 'printer_width': '80', 'write_json': 'True', 'empty': 'False', 'log_cache_events': 'False', 'introspect': 'True', 'cache_selected_only': 'False', 'log_format': 'default', 'debug': 'False', 'fail_fast': 'False', 'profiles_dir': 'C:\\Users\\mm3816\\Desktop\\db_test\\my_project', 'send_anonymous_usage_stats': 'True', 'quiet': 'False', 'warn_error': 'None', 'partial_parse': 'True', 'invocation_command': 'dbt run', 'indirect_selection': 'eager', 'use_colors': 'True', 'use_experimental_parser': 'False', 'log_path': 'C:\\Users\\mm3816\\Desktop\\db_test\\my_project\\logs'}
[0m12:15:55.733151 [debug] [MainThread]: Sending event: {'category': 'dbt', 'action': 'project_id', 'label': '129dd698-c6ee-42dd-a229-b7865a523af8', 'context': [<snowplow_tracker.self_describing_json.SelfDescribingJson object at 0x00000222CFF510F0>]}
[0m12:15:55.805567 [debug] [MainThread]: Sending event: {'category': 'dbt', 'action': 'adapter_info', 'label': '129dd698-c6ee-42dd-a229-b7865a523af8', 'context': [<snowplow_tracker.self_describing_json.SelfDescribingJson object at 0x00000222D1C06360>]}
[0m12:15:55.806864 [info ] [MainThread]: Registered adapter: sqlite=1.10.0
[0m12:15:56.030453 [debug] [MainThread]: checksum: 30a8cc8fdcbf66701b0944d4ccce3fa46dd04b61e5df68b9f16d57b2e0e3f0be, vars: {}, profile: , target: , version: 1.11.11
[0m12:15:56.148123 [debug] [MainThread]: Partial parsing enabled: 0 files deleted, 0 files added, 0 files changed.
[0m12:15:56.148580 [debug] [MainThread]: Nothing changed, skipping partial parsing.
[0m12:15:56.148867 [debug] [MainThread]: Partial parsing enabled, no changes found, skipping parsing
[0m12:15:56.175220 [debug] [MainThread]: Sending event: {'category': 'dbt', 'action': 'load_project', 'label': '129dd698-c6ee-42dd-a229-b7865a523af8', 'context': [<snowplow_tracker.self_describing_json.SelfDescribingJson object at 0x00000222D1BCE050>]}
[0m12:15:56.291777 [debug] [MainThread]: Wrote artifact WritableManifest to C:\Users\mm3816\Desktop\db_test\my_project\target\manifest.json
[0m12:15:56.300519 [debug] [MainThread]: Wrote artifact SemanticManifest to C:\Users\mm3816\Desktop\db_test\my_project\target\semantic_manifest.json
[0m12:15:56.328837 [debug] [MainThread]: Sending event: {'category': 'dbt', 'action': 'resource_counts', 'label': '129dd698-c6ee-42dd-a229-b7865a523af8', 'context': [<snowplow_tracker.self_describing_json.SelfDescribingJson object at 0x00000222D044E120>]}
[0m12:15:56.329626 [info ] [MainThread]: Found 2 models, 416 macros
[0m12:15:56.330773 [debug] [MainThread]: Sending event: {'category': 'dbt', 'action': 'runnable_timing', 'label': '129dd698-c6ee-42dd-a229-b7865a523af8', 'context': [<snowplow_tracker.self_describing_json.SelfDescribingJson object at 0x00000222D25EC910>]}
[0m12:15:56.334392 [info ] [MainThread]: 
[0m12:15:56.335328 [info ] [MainThread]: Concurrency: 1 threads (target='dev')
[0m12:15:56.337000 [info ] [MainThread]: 
[0m12:15:56.339213 [debug] [MainThread]: Acquiring new sqlite connection 'master'
[0m12:15:56.354601 [debug] [ThreadPool]: Acquiring new sqlite connection 'list_sample'
[0m12:15:56.584595 [debug] [ThreadPool]: Using sqlite connection "list_sample"
[0m12:15:56.585020 [debug] [ThreadPool]: On list_sample: BEGIN
[0m12:15:56.585351 [debug] [ThreadPool]: Opening a new connection, currently in state init
[0m12:15:56.586540 [debug] [ThreadPool]: SQL status: OK in 0.001 seconds
[0m12:15:56.586884 [debug] [ThreadPool]: Using sqlite connection "list_sample"
[0m12:15:56.587157 [debug] [ThreadPool]: On list_sample: /* {"app": "dbt", "dbt_version": "1.11.11", "profile_name": "my_project", "target_name": "dev", "connection_name": "list_sample"} */

        pragma database_list
    
[0m12:15:56.587457 [debug] [ThreadPool]: SQL status: OK in 0.000 seconds
[0m12:15:56.588702 [debug] [ThreadPool]: On list_sample: ROLLBACK
[0m12:15:56.589047 [debug] [ThreadPool]: On list_sample: Close
[0m12:15:56.590717 [debug] [ThreadPool]: Acquiring new sqlite connection 'list_sample_main'
[0m12:15:56.597404 [debug] [ThreadPool]: Using sqlite connection "list_sample_main"
[0m12:15:56.598023 [debug] [ThreadPool]: On list_sample_main: BEGIN
[0m12:15:56.598364 [debug] [ThreadPool]: Opening a new connection, currently in state init
[0m12:15:56.599365 [debug] [ThreadPool]: SQL status: OK in 0.001 seconds
[0m12:15:56.599723 [debug] [ThreadPool]: Using sqlite connection "list_sample_main"
[0m12:15:56.600012 [debug] [ThreadPool]: On list_sample_main: /* {"app": "dbt", "dbt_version": "1.11.11", "profile_name": "my_project", "target_name": "dev", "connection_name": "list_sample_main"} */

        pragma database_list
    
[0m12:15:56.600300 [debug] [ThreadPool]: SQL status: OK in 0.000 seconds
[0m12:15:56.601546 [debug] [ThreadPool]: Using sqlite connection "list_sample_main"
[0m12:15:56.601889 [debug] [ThreadPool]: On list_sample_main: /* {"app": "dbt", "dbt_version": "1.11.11", "profile_name": "my_project", "target_name": "dev", "connection_name": "list_sample_main"} */

            SELECT
                'sample' as database
                ,name
                ,'main' AS schema
                ,type as data_type
            FROM
                main.sqlite_master
            WHERE
                name NOT LIKE 'sqlite_%'
        
[0m12:15:56.602555 [debug] [ThreadPool]: SQL status: OK in 0.000 seconds
[0m12:15:56.603924 [debug] [ThreadPool]: On list_sample_main: ROLLBACK
[0m12:15:56.604312 [debug] [ThreadPool]: On list_sample_main: Close
[0m12:15:56.605695 [debug] [MainThread]: Sending event: {'category': 'dbt', 'action': 'runnable_timing', 'label': '129dd698-c6ee-42dd-a229-b7865a523af8', 'context': [<snowplow_tracker.self_describing_json.SelfDescribingJson object at 0x00000222D276E410>]}
[0m12:15:56.606224 [debug] [MainThread]: Using sqlite connection "master"
[0m12:15:56.606564 [debug] [MainThread]: On master: BEGIN
[0m12:15:56.606860 [debug] [MainThread]: Opening a new connection, currently in state init
[0m12:15:56.607931 [debug] [MainThread]: SQL status: OK in 0.001 seconds
[0m12:15:56.608330 [debug] [MainThread]: On master: COMMIT
[0m12:15:56.608678 [debug] [MainThread]: Using sqlite connection "master"
[0m12:15:56.608992 [debug] [MainThread]: On master: COMMIT
[0m12:15:56.609321 [debug] [MainThread]: SQL status: OK in 0.000 seconds
[0m12:15:56.609669 [debug] [MainThread]: On master: Close
[0m12:15:56.614140 [debug] [Thread-1 (]: Began running node model.my_project.customers
[0m12:15:56.614853 [info ] [Thread-1 (]: 1 of 2 START sql table model main.customers .................................... [RUN]
[0m12:15:56.615857 [debug] [Thread-1 (]: Acquiring new sqlite connection 'model.my_project.customers'
[0m12:15:56.616338 [debug] [Thread-1 (]: Began compiling node model.my_project.customers
[0m12:15:56.624917 [debug] [Thread-1 (]: Writing injected SQL for node "model.my_project.customers"
[0m12:15:56.627469 [debug] [Thread-1 (]: Began executing node model.my_project.customers
[0m12:15:56.651877 [debug] [Thread-1 (]: Using sqlite connection "model.my_project.customers"
[0m12:15:56.652464 [debug] [Thread-1 (]: On model.my_project.customers: /* {"app": "dbt", "dbt_version": "1.11.11", "profile_name": "my_project", "target_name": "dev", "node_id": "model.my_project.customers"} */
drop table if exists "main"."customers"
[0m12:15:56.652948 [debug] [Thread-1 (]: Opening a new connection, currently in state init
[0m12:15:56.660639 [debug] [Thread-1 (]: SQL status: OK in 0.008 seconds
[0m12:15:56.668453 [debug] [Thread-1 (]: Writing runtime sql for node "model.my_project.customers"
[0m12:15:56.670760 [debug] [Thread-1 (]: Using sqlite connection "model.my_project.customers"
[0m12:15:56.671993 [debug] [Thread-1 (]: On model.my_project.customers: BEGIN
[0m12:15:56.672877 [debug] [Thread-1 (]: SQL status: OK in 0.000 seconds
[0m12:15:56.673677 [debug] [Thread-1 (]: Using sqlite connection "model.my_project.customers"
[0m12:15:56.674454 [debug] [Thread-1 (]: On model.my_project.customers: /* {"app": "dbt", "dbt_version": "1.11.11", "profile_name": "my_project", "target_name": "dev", "node_id": "model.my_project.customers"} */

  
    
    
    create  table main."customers"
    as
        select
    1 as customer_id,
    'Ravi' as customer_name

  
[0m12:15:56.677460 [debug] [Thread-1 (]: SQL status: OK in 0.002 seconds
[0m12:15:56.687790 [debug] [Thread-1 (]: On model.my_project.customers: COMMIT
[0m12:15:56.688481 [debug] [Thread-1 (]: Using sqlite connection "model.my_project.customers"
[0m12:15:56.688920 [debug] [Thread-1 (]: On model.my_project.customers: COMMIT
[0m12:15:56.693102 [debug] [Thread-1 (]: SQL status: OK in 0.004 seconds
[0m12:15:56.696884 [debug] [Thread-1 (]: On model.my_project.customers: Close
[0m12:15:56.703238 [debug] [Thread-1 (]: Sending event: {'category': 'dbt', 'action': 'run_model', 'label': '129dd698-c6ee-42dd-a229-b7865a523af8', 'context': [<snowplow_tracker.self_describing_json.SelfDescribingJson object at 0x00000222D279D3D0>]}
[0m12:15:56.704245 [info ] [Thread-1 (]: 1 of 2 OK created sql table model main.customers ............................... [[32mOK[0m in 0.08s]
[0m12:15:56.705483 [debug] [Thread-1 (]: Finished running node model.my_project.customers
[0m12:15:56.706643 [debug] [Thread-1 (]: Began running node model.my_project.customer_summary
[0m12:15:56.707266 [info ] [Thread-1 (]: 2 of 2 START sql table model main.customer_summary ............................. [RUN]
[0m12:15:56.707920 [debug] [Thread-1 (]: Re-using an available connection from the pool (formerly model.my_project.customers, now model.my_project.customer_summary)
[0m12:15:56.708482 [debug] [Thread-1 (]: Began compiling node model.my_project.customer_summary
[0m12:15:56.713677 [debug] [Thread-1 (]: Writing injected SQL for node "model.my_project.customer_summary"
[0m12:15:56.717784 [debug] [Thread-1 (]: Began executing node model.my_project.customer_summary
[0m12:15:56.824259 [debug] [Thread-1 (]: Using sqlite connection "model.my_project.customer_summary"
[0m12:15:56.824946 [debug] [Thread-1 (]: On model.my_project.customer_summary: /* {"app": "dbt", "dbt_version": "1.11.11", "profile_name": "my_project", "target_name": "dev", "node_id": "model.my_project.customer_summary"} */
drop table if exists "main"."customer_summary"
[0m12:15:56.825614 [debug] [Thread-1 (]: Opening a new connection, currently in state closed
[0m12:15:56.837114 [debug] [Thread-1 (]: SQL status: OK in 0.011 seconds
[0m12:15:56.840046 [debug] [Thread-1 (]: Writing runtime sql for node "model.my_project.customer_summary"
[0m12:15:56.843309 [debug] [Thread-1 (]: Using sqlite connection "model.my_project.customer_summary"
[0m12:15:56.844296 [debug] [Thread-1 (]: On model.my_project.customer_summary: BEGIN
[0m12:15:56.845331 [debug] [Thread-1 (]: SQL status: OK in 0.000 seconds
[0m12:15:56.846289 [debug] [Thread-1 (]: Using sqlite connection "model.my_project.customer_summary"
[0m12:15:56.847126 [debug] [Thread-1 (]: On model.my_project.customer_summary: /* {"app": "dbt", "dbt_version": "1.11.11", "profile_name": "my_project", "target_name": "dev", "node_id": "model.my_project.customer_summary"} */

  
    
    
    create  table main."customer_summary"
    as
        select
    count(*) as total_customers
from main."customers"

  
[0m12:15:56.850222 [debug] [Thread-1 (]: SQL status: OK in 0.002 seconds
[0m12:15:56.852276 [debug] [Thread-1 (]: On model.my_project.customer_summary: COMMIT
[0m12:15:56.853064 [debug] [Thread-1 (]: Using sqlite connection "model.my_project.customer_summary"
[0m12:15:56.853915 [debug] [Thread-1 (]: On model.my_project.customer_summary: COMMIT
[0m12:15:56.861703 [debug] [Thread-1 (]: SQL status: OK in 0.007 seconds
[0m12:15:56.863766 [debug] [Thread-1 (]: On model.my_project.customer_summary: Close
[0m12:15:56.866337 [debug] [Thread-1 (]: Sending event: {'category': 'dbt', 'action': 'run_model', 'label': '129dd698-c6ee-42dd-a229-b7865a523af8', 'context': [<snowplow_tracker.self_describing_json.SelfDescribingJson object at 0x00000222D24CF960>]}
[0m12:15:56.867082 [info ] [Thread-1 (]: 2 of 2 OK created sql table model main.customer_summary ........................ [[32mOK[0m in 0.16s]
[0m12:15:56.867911 [debug] [Thread-1 (]: Finished running node model.my_project.customer_summary
[0m12:15:56.870513 [debug] [MainThread]: Using sqlite connection "master"
[0m12:15:56.871332 [debug] [MainThread]: On master: BEGIN
[0m12:15:56.871838 [debug] [MainThread]: Opening a new connection, currently in state closed
[0m12:15:56.874857 [debug] [MainThread]: SQL status: OK in 0.003 seconds
[0m12:15:56.875540 [debug] [MainThread]: On master: COMMIT
[0m12:15:56.876129 [debug] [MainThread]: Using sqlite connection "master"
[0m12:15:56.876592 [debug] [MainThread]: On master: COMMIT
[0m12:15:56.877030 [debug] [MainThread]: SQL status: OK in 0.000 seconds
[0m12:15:56.877461 [debug] [MainThread]: On master: Close
[0m12:15:56.878128 [debug] [MainThread]: Connection 'master' was properly closed.
[0m12:15:56.878561 [debug] [MainThread]: Connection 'list_sample' was properly closed.
[0m12:15:56.879198 [debug] [MainThread]: Connection 'list_sample_main' was properly closed.
[0m12:15:56.879909 [debug] [MainThread]: Connection 'model.my_project.customer_summary' was properly closed.
[0m12:15:56.880898 [info ] [MainThread]: 
[0m12:15:56.881863 [info ] [MainThread]: Finished running 2 table models in 0 hours 0 minutes and 0.54 seconds (0.54s).
[0m12:15:56.884651 [debug] [MainThread]: Command end result
[0m12:15:56.948788 [debug] [MainThread]: Wrote artifact WritableManifest to C:\Users\mm3816\Desktop\db_test\my_project\target\manifest.json
[0m12:15:56.957072 [debug] [MainThread]: Wrote artifact SemanticManifest to C:\Users\mm3816\Desktop\db_test\my_project\target\semantic_manifest.json
[0m12:15:56.968467 [debug] [MainThread]: Wrote artifact RunExecutionResult to C:\Users\mm3816\Desktop\db_test\my_project\target\run_results.json
[0m12:15:56.969431 [info ] [MainThread]: 
[0m12:15:56.970740 [info ] [MainThread]: [32mCompleted successfully[0m
[0m12:15:56.971743 [info ] [MainThread]: 
[0m12:15:56.972727 [info ] [MainThread]: Done. PASS=2 WARN=0 ERROR=0 SKIP=0 NO-OP=0 TOTAL=2
[0m12:15:56.974754 [debug] [MainThread]: Command `dbt run` succeeded at 12:15:56.974425 after 1.69 seconds
[0m12:15:56.975539 [debug] [MainThread]: Sending event: {'category': 'dbt', 'action': 'invocation', 'label': 'end', 'context': [<snowplow_tracker.self_describing_json.SelfDescribingJson object at 0x00000222D282B890>, <snowplow_tracker.self_describing_json.SelfDescribingJson object at 0x00000222D25E76E0>, <snowplow_tracker.self_describing_json.SelfDescribingJson object at 0x00000222D253AA50>]}
[0m12:15:56.976068 [debug] [MainThread]: Flushing usage events
[0m12:15:58.369459 [debug] [MainThread]: An error was encountered while trying to flush usage events
[0m12:22:27.391000 [debug] [MainThread]: Sending event: {'category': 'dbt', 'action': 'invocation', 'label': 'start', 'context': [<snowplow_tracker.self_describing_json.SelfDescribingJson object at 0x00000288AFC05BE0>, <snowplow_tracker.self_describing_json.SelfDescribingJson object at 0x00000288AC9B7250>, <snowplow_tracker.self_describing_json.SelfDescribingJson object at 0x00000288B1FAFC50>]}


============================== 12:22:27.398504 | d9e06800-9ae9-4360-8208-71fb5fb25cd3 ==============================
[0m12:22:27.398504 [info ] [MainThread]: Running with dbt=1.11.11
[0m12:22:27.400457 [debug] [MainThread]: running dbt with arguments {'version_check': 'True', 'no_print': 'None', 'static_parser': 'True', 'target_path': 'None', 'warn_error_options': 'WarnErrorOptionsV2(error=[], warn=[], silence=[])', 'printer_width': '80', 'write_json': 'True', 'empty': 'False', 'log_cache_events': 'False', 'introspect': 'True', 'cache_selected_only': 'False', 'log_format': 'default', 'debug': 'False', 'fail_fast': 'False', 'partial_parse': 'True', 'send_anonymous_usage_stats': 'True', 'quiet': 'False', 'warn_error': 'None', 'profiles_dir': 'C:\\Users\\mm3816\\Desktop\\db_test\\my_project', 'invocation_command': 'dbt run', 'indirect_selection': 'eager', 'use_colors': 'True', 'use_experimental_parser': 'False', 'log_path': 'C:\\Users\\mm3816\\Desktop\\db_test\\my_project\\logs'}
[0m12:22:27.715915 [debug] [MainThread]: Sending event: {'category': 'dbt', 'action': 'project_id', 'label': 'd9e06800-9ae9-4360-8208-71fb5fb25cd3', 'context': [<snowplow_tracker.self_describing_json.SelfDescribingJson object at 0x00000288B02E10F0>]}
[0m12:22:27.800669 [debug] [MainThread]: Sending event: {'category': 'dbt', 'action': 'adapter_info', 'label': 'd9e06800-9ae9-4360-8208-71fb5fb25cd3', 'context': [<snowplow_tracker.self_describing_json.SelfDescribingJson object at 0x00000288B1F96360>]}
[0m12:22:27.803515 [info ] [MainThread]: Registered adapter: sqlite=1.10.0
[0m12:22:28.118398 [debug] [MainThread]: checksum: 30a8cc8fdcbf66701b0944d4ccce3fa46dd04b61e5df68b9f16d57b2e0e3f0be, vars: {}, profile: , target: , version: 1.11.11
[0m12:22:28.501641 [debug] [MainThread]: Partial parsing enabled: 0 files deleted, 0 files added, 0 files changed.
[0m12:22:28.502251 [debug] [MainThread]: Nothing changed, skipping partial parsing.
[0m12:22:28.502715 [debug] [MainThread]: Partial parsing enabled, no changes found, skipping parsing
[0m12:22:28.538961 [debug] [MainThread]: Sending event: {'category': 'dbt', 'action': 'load_project', 'label': 'd9e06800-9ae9-4360-8208-71fb5fb25cd3', 'context': [<snowplow_tracker.self_describing_json.SelfDescribingJson object at 0x00000288B1F5E050>]}
[0m12:22:28.675759 [debug] [MainThread]: Wrote artifact WritableManifest to C:\Users\mm3816\Desktop\db_test\my_project\target\manifest.json
[0m12:22:28.682154 [debug] [MainThread]: Wrote artifact SemanticManifest to C:\Users\mm3816\Desktop\db_test\my_project\target\semantic_manifest.json
[0m12:22:28.704886 [debug] [MainThread]: Sending event: {'category': 'dbt', 'action': 'resource_counts', 'label': 'd9e06800-9ae9-4360-8208-71fb5fb25cd3', 'context': [<snowplow_tracker.self_describing_json.SelfDescribingJson object at 0x00000288B07DE120>]}
[0m12:22:28.705475 [info ] [MainThread]: Found 2 models, 416 macros
[0m12:22:28.706251 [debug] [MainThread]: Sending event: {'category': 'dbt', 'action': 'runnable_timing', 'label': 'd9e06800-9ae9-4360-8208-71fb5fb25cd3', 'context': [<snowplow_tracker.self_describing_json.SelfDescribingJson object at 0x00000288B29FC910>]}
[0m12:22:28.709017 [info ] [MainThread]: 
[0m12:22:28.710225 [info ] [MainThread]: Concurrency: 1 threads (target='dev')
[0m12:22:28.711378 [info ] [MainThread]: 
[0m12:22:28.713181 [debug] [MainThread]: Acquiring new sqlite connection 'master'
[0m12:22:28.723568 [debug] [ThreadPool]: Acquiring new sqlite connection 'list_sample'
[0m12:22:28.966290 [debug] [ThreadPool]: Using sqlite connection "list_sample"
[0m12:22:28.966727 [debug] [ThreadPool]: On list_sample: BEGIN
[0m12:22:28.967022 [debug] [ThreadPool]: Opening a new connection, currently in state init
[0m12:22:28.968233 [debug] [ThreadPool]: SQL status: OK in 0.001 seconds
[0m12:22:28.968619 [debug] [ThreadPool]: Using sqlite connection "list_sample"
[0m12:22:28.968908 [debug] [ThreadPool]: On list_sample: /* {"app": "dbt", "dbt_version": "1.11.11", "profile_name": "my_project", "target_name": "dev", "connection_name": "list_sample"} */

        pragma database_list
    
[0m12:22:28.969223 [debug] [ThreadPool]: SQL status: OK in 0.000 seconds
[0m12:22:28.970426 [debug] [ThreadPool]: On list_sample: ROLLBACK
[0m12:22:28.970796 [debug] [ThreadPool]: On list_sample: Close
[0m12:22:28.972973 [debug] [ThreadPool]: Acquiring new sqlite connection 'list_sample_main'
[0m12:22:28.979597 [debug] [ThreadPool]: Using sqlite connection "list_sample_main"
[0m12:22:28.979991 [debug] [ThreadPool]: On list_sample_main: BEGIN
[0m12:22:28.980266 [debug] [ThreadPool]: Opening a new connection, currently in state init
[0m12:22:28.981309 [debug] [ThreadPool]: SQL status: OK in 0.001 seconds
[0m12:22:28.981654 [debug] [ThreadPool]: Using sqlite connection "list_sample_main"
[0m12:22:28.982028 [debug] [ThreadPool]: On list_sample_main: /* {"app": "dbt", "dbt_version": "1.11.11", "profile_name": "my_project", "target_name": "dev", "connection_name": "list_sample_main"} */

        pragma database_list
    
[0m12:22:28.982414 [debug] [ThreadPool]: SQL status: OK in 0.000 seconds
[0m12:22:28.984199 [debug] [ThreadPool]: Using sqlite connection "list_sample_main"
[0m12:22:28.984772 [debug] [ThreadPool]: On list_sample_main: /* {"app": "dbt", "dbt_version": "1.11.11", "profile_name": "my_project", "target_name": "dev", "connection_name": "list_sample_main"} */

            SELECT
                'sample' as database
                ,name
                ,'main' AS schema
                ,type as data_type
            FROM
                main.sqlite_master
            WHERE
                name NOT LIKE 'sqlite_%'
        
[0m12:22:28.985686 [debug] [ThreadPool]: SQL status: OK in 0.000 seconds
[0m12:22:28.987802 [debug] [ThreadPool]: On list_sample_main: ROLLBACK
[0m12:22:28.988692 [debug] [ThreadPool]: On list_sample_main: Close
[0m12:22:28.991063 [debug] [MainThread]: Sending event: {'category': 'dbt', 'action': 'runnable_timing', 'label': 'd9e06800-9ae9-4360-8208-71fb5fb25cd3', 'context': [<snowplow_tracker.self_describing_json.SelfDescribingJson object at 0x00000288B2B7E4E0>]}
[0m12:22:28.991766 [debug] [MainThread]: Using sqlite connection "master"
[0m12:22:28.992146 [debug] [MainThread]: On master: BEGIN
[0m12:22:28.992451 [debug] [MainThread]: Opening a new connection, currently in state init
[0m12:22:28.993594 [debug] [MainThread]: SQL status: OK in 0.001 seconds
[0m12:22:28.993981 [debug] [MainThread]: On master: COMMIT
[0m12:22:28.994302 [debug] [MainThread]: Using sqlite connection "master"
[0m12:22:28.994607 [debug] [MainThread]: On master: COMMIT
[0m12:22:28.994904 [debug] [MainThread]: SQL status: OK in 0.000 seconds
[0m12:22:28.995184 [debug] [MainThread]: On master: Close
[0m12:22:29.001682 [debug] [Thread-1 (]: Began running node model.my_project.customers
[0m12:22:29.002824 [info ] [Thread-1 (]: 1 of 2 START sql table model main.customers .................................... [RUN]
[0m12:22:29.004094 [debug] [Thread-1 (]: Acquiring new sqlite connection 'model.my_project.customers'
[0m12:22:29.005329 [debug] [Thread-1 (]: Began compiling node model.my_project.customers
[0m12:22:29.017939 [debug] [Thread-1 (]: Writing injected SQL for node "model.my_project.customers"
[0m12:22:29.023424 [debug] [Thread-1 (]: Began executing node model.my_project.customers
[0m12:22:29.057653 [debug] [Thread-1 (]: Using sqlite connection "model.my_project.customers"
[0m12:22:29.058162 [debug] [Thread-1 (]: On model.my_project.customers: /* {"app": "dbt", "dbt_version": "1.11.11", "profile_name": "my_project", "target_name": "dev", "node_id": "model.my_project.customers"} */
drop table if exists "main"."customers"
[0m12:22:29.058533 [debug] [Thread-1 (]: Opening a new connection, currently in state init
[0m12:22:29.067885 [debug] [Thread-1 (]: SQL status: OK in 0.009 seconds
[0m12:22:29.075962 [debug] [Thread-1 (]: Writing runtime sql for node "model.my_project.customers"
[0m12:22:29.077806 [debug] [Thread-1 (]: Using sqlite connection "model.my_project.customers"
[0m12:22:29.078233 [debug] [Thread-1 (]: On model.my_project.customers: BEGIN
[0m12:22:29.078719 [debug] [Thread-1 (]: SQL status: OK in 0.000 seconds
[0m12:22:29.079246 [debug] [Thread-1 (]: Using sqlite connection "model.my_project.customers"
[0m12:22:29.079913 [debug] [Thread-1 (]: On model.my_project.customers: /* {"app": "dbt", "dbt_version": "1.11.11", "profile_name": "my_project", "target_name": "dev", "node_id": "model.my_project.customers"} */

  
    
    
    create  table main."customers"
    as
        select
    1 as customer_id,
    'Ravi' as customer_name

  
[0m12:22:29.082993 [debug] [Thread-1 (]: SQL status: OK in 0.002 seconds
[0m12:22:29.092295 [debug] [Thread-1 (]: On model.my_project.customers: COMMIT
[0m12:22:29.092838 [debug] [Thread-1 (]: Using sqlite connection "model.my_project.customers"
[0m12:22:29.093204 [debug] [Thread-1 (]: On model.my_project.customers: COMMIT
[0m12:22:29.096289 [debug] [Thread-1 (]: SQL status: OK in 0.003 seconds
[0m12:22:29.100016 [debug] [Thread-1 (]: On model.my_project.customers: Close
[0m12:22:29.102833 [debug] [Thread-1 (]: Sending event: {'category': 'dbt', 'action': 'run_model', 'label': 'd9e06800-9ae9-4360-8208-71fb5fb25cd3', 'context': [<snowplow_tracker.self_describing_json.SelfDescribingJson object at 0x00000288B2BB13D0>]}
[0m12:22:29.103535 [info ] [Thread-1 (]: 1 of 2 OK created sql table model main.customers ............................... [[32mOK[0m in 0.10s]
[0m12:22:29.104694 [debug] [Thread-1 (]: Finished running node model.my_project.customers
[0m12:22:29.106089 [debug] [Thread-1 (]: Began running node model.my_project.customer_summary
[0m12:22:29.106702 [info ] [Thread-1 (]: 2 of 2 START sql table model main.customer_summary ............................. [RUN]
[0m12:22:29.107443 [debug] [Thread-1 (]: Re-using an available connection from the pool (formerly model.my_project.customers, now model.my_project.customer_summary)
[0m12:22:29.107842 [debug] [Thread-1 (]: Began compiling node model.my_project.customer_summary
[0m12:22:29.113308 [debug] [Thread-1 (]: Writing injected SQL for node "model.my_project.customer_summary"
[0m12:22:29.116886 [debug] [Thread-1 (]: Began executing node model.my_project.customer_summary
[0m12:22:29.218532 [debug] [Thread-1 (]: Using sqlite connection "model.my_project.customer_summary"
[0m12:22:29.219834 [debug] [Thread-1 (]: On model.my_project.customer_summary: /* {"app": "dbt", "dbt_version": "1.11.11", "profile_name": "my_project", "target_name": "dev", "node_id": "model.my_project.customer_summary"} */
drop table if exists "main"."customer_summary"
[0m12:22:29.220868 [debug] [Thread-1 (]: Opening a new connection, currently in state closed
[0m12:22:29.234535 [debug] [Thread-1 (]: SQL status: OK in 0.014 seconds
[0m12:22:29.237315 [debug] [Thread-1 (]: Writing runtime sql for node "model.my_project.customer_summary"
[0m12:22:29.240921 [debug] [Thread-1 (]: Using sqlite connection "model.my_project.customer_summary"
[0m12:22:29.241563 [debug] [Thread-1 (]: On model.my_project.customer_summary: BEGIN
[0m12:22:29.242251 [debug] [Thread-1 (]: SQL status: OK in 0.000 seconds
[0m12:22:29.242934 [debug] [Thread-1 (]: Using sqlite connection "model.my_project.customer_summary"
[0m12:22:29.243532 [debug] [Thread-1 (]: On model.my_project.customer_summary: /* {"app": "dbt", "dbt_version": "1.11.11", "profile_name": "my_project", "target_name": "dev", "node_id": "model.my_project.customer_summary"} */

  
    
    
    create  table main."customer_summary"
    as
        select
    count(*) as total_customers
from main."customers"

  
[0m12:22:29.248179 [debug] [Thread-1 (]: SQL status: OK in 0.004 seconds
[0m12:22:29.251126 [debug] [Thread-1 (]: On model.my_project.customer_summary: COMMIT
[0m12:22:29.251795 [debug] [Thread-1 (]: Using sqlite connection "model.my_project.customer_summary"
[0m12:22:29.252343 [debug] [Thread-1 (]: On model.my_project.customer_summary: COMMIT
[0m12:22:29.260752 [debug] [Thread-1 (]: SQL status: OK in 0.008 seconds
[0m12:22:29.262182 [debug] [Thread-1 (]: On model.my_project.customer_summary: Close
[0m12:22:29.264293 [debug] [Thread-1 (]: Sending event: {'category': 'dbt', 'action': 'run_model', 'label': 'd9e06800-9ae9-4360-8208-71fb5fb25cd3', 'context': [<snowplow_tracker.self_describing_json.SelfDescribingJson object at 0x00000288B2CD0730>]}
[0m12:22:29.265719 [info ] [Thread-1 (]: 2 of 2 OK created sql table model main.customer_summary ........................ [[32mOK[0m in 0.16s]
[0m12:22:29.267599 [debug] [Thread-1 (]: Finished running node model.my_project.customer_summary
[0m12:22:29.272068 [debug] [MainThread]: Using sqlite connection "master"
[0m12:22:29.273206 [debug] [MainThread]: On master: BEGIN
[0m12:22:29.274061 [debug] [MainThread]: Opening a new connection, currently in state closed
[0m12:22:29.276570 [debug] [MainThread]: SQL status: OK in 0.002 seconds
[0m12:22:29.277242 [debug] [MainThread]: On master: COMMIT
[0m12:22:29.277847 [debug] [MainThread]: Using sqlite connection "master"
[0m12:22:29.278369 [debug] [MainThread]: On master: COMMIT
[0m12:22:29.278913 [debug] [MainThread]: SQL status: OK in 0.000 seconds
[0m12:22:29.279391 [debug] [MainThread]: On master: Close
[0m12:22:29.280174 [debug] [MainThread]: Connection 'master' was properly closed.
[0m12:22:29.280655 [debug] [MainThread]: Connection 'list_sample' was properly closed.
[0m12:22:29.281046 [debug] [MainThread]: Connection 'list_sample_main' was properly closed.
[0m12:22:29.281392 [debug] [MainThread]: Connection 'model.my_project.customer_summary' was properly closed.
[0m12:22:29.282404 [info ] [MainThread]: 
[0m12:22:29.283854 [info ] [MainThread]: Finished running 2 table models in 0 hours 0 minutes and 0.57 seconds (0.57s).
[0m12:22:29.286371 [debug] [MainThread]: Command end result
[0m12:22:29.335830 [debug] [MainThread]: Wrote artifact WritableManifest to C:\Users\mm3816\Desktop\db_test\my_project\target\manifest.json
[0m12:22:29.339672 [debug] [MainThread]: Wrote artifact SemanticManifest to C:\Users\mm3816\Desktop\db_test\my_project\target\semantic_manifest.json
[0m12:22:29.347218 [debug] [MainThread]: Wrote artifact RunExecutionResult to C:\Users\mm3816\Desktop\db_test\my_project\target\run_results.json
[0m12:22:29.347735 [info ] [MainThread]: 
[0m12:22:29.348440 [info ] [MainThread]: [32mCompleted successfully[0m
[0m12:22:29.349051 [info ] [MainThread]: 
[0m12:22:29.349600 [info ] [MainThread]: Done. PASS=2 WARN=0 ERROR=0 SKIP=0 NO-OP=0 TOTAL=2
[0m12:22:29.350681 [debug] [MainThread]: Command `dbt run` succeeded at 12:22:29.350528 after 2.70 seconds
[0m12:22:29.351571 [debug] [MainThread]: Sending event: {'category': 'dbt', 'action': 'invocation', 'label': 'end', 'context': [<snowplow_tracker.self_describing_json.SelfDescribingJson object at 0x00000288B2C3B890>, <snowplow_tracker.self_describing_json.SelfDescribingJson object at 0x00000288B29F7770>, <snowplow_tracker.self_describing_json.SelfDescribingJson object at 0x00000288B294AB50>]}
[0m12:22:29.352118 [debug] [MainThread]: Flushing usage events
[0m12:22:30.926500 [debug] [MainThread]: An error was encountered while trying to flush usage events
[0m12:22:46.720360 [debug] [MainThread]: Sending event: {'category': 'dbt', 'action': 'invocation', 'label': 'start', 'context': [<snowplow_tracker.self_describing_json.SelfDescribingJson object at 0x0000021150135BE0>, <snowplow_tracker.self_describing_json.SelfDescribingJson object at 0x000002114CF07250>, <snowplow_tracker.self_describing_json.SelfDescribingJson object at 0x00000211514D3B10>]}


============================== 12:22:46.727898 | 902d19df-73bb-43e6-a9eb-71d58b0caf94 ==============================
[0m12:22:46.727898 [info ] [MainThread]: Running with dbt=1.11.11
[0m12:22:46.729043 [debug] [MainThread]: running dbt with arguments {'static_parser': 'True', 'no_print': 'None', 'version_check': 'True', 'target_path': 'None', 'warn_error_options': 'WarnErrorOptionsV2(error=[], warn=[], silence=[])', 'printer_width': '80', 'write_json': 'True', 'introspect': 'True', 'log_cache_events': 'False', 'empty': 'None', 'cache_selected_only': 'False', 'log_format': 'default', 'debug': 'False', 'fail_fast': 'False', 'partial_parse': 'True', 'send_anonymous_usage_stats': 'True', 'quiet': 'False', 'warn_error': 'None', 'profiles_dir': 'C:\\Users\\mm3816\\Desktop\\db_test\\my_project', 'indirect_selection': 'eager', 'invocation_command': 'dbt ls', 'use_colors': 'True', 'use_experimental_parser': 'False', 'log_path': 'C:\\Users\\mm3816\\Desktop\\db_test\\my_project\\logs'}
[0m12:22:46.896694 [debug] [MainThread]: Sending event: {'category': 'dbt', 'action': 'project_id', 'label': '902d19df-73bb-43e6-a9eb-71d58b0caf94', 'context': [<snowplow_tracker.self_describing_json.SelfDescribingJson object at 0x00000211508110F0>]}
[0m12:22:46.983880 [debug] [MainThread]: Sending event: {'category': 'dbt', 'action': 'adapter_info', 'label': '902d19df-73bb-43e6-a9eb-71d58b0caf94', 'context': [<snowplow_tracker.self_describing_json.SelfDescribingJson object at 0x000002115154C490>]}
[0m12:22:46.985174 [info ] [MainThread]: Registered adapter: sqlite=1.10.0
[0m12:22:47.204736 [debug] [MainThread]: checksum: 30a8cc8fdcbf66701b0944d4ccce3fa46dd04b61e5df68b9f16d57b2e0e3f0be, vars: {}, profile: , target: , version: 1.11.11
[0m12:22:47.357329 [debug] [MainThread]: Partial parsing enabled: 0 files deleted, 0 files added, 0 files changed.
[0m12:22:47.357758 [debug] [MainThread]: Nothing changed, skipping partial parsing.
[0m12:22:47.358044 [debug] [MainThread]: Partial parsing enabled, no changes found, skipping parsing
[0m12:22:47.382878 [debug] [MainThread]: Sending event: {'category': 'dbt', 'action': 'load_project', 'label': '902d19df-73bb-43e6-a9eb-71d58b0caf94', 'context': [<snowplow_tracker.self_describing_json.SelfDescribingJson object at 0x0000021151549C50>]}
[0m12:22:47.441241 [debug] [MainThread]: Wrote artifact WritableManifest to C:\Users\mm3816\Desktop\db_test\my_project\target\manifest.json
[0m12:22:47.445137 [debug] [MainThread]: Wrote artifact SemanticManifest to C:\Users\mm3816\Desktop\db_test\my_project\target\semantic_manifest.json
[0m12:22:47.465984 [debug] [MainThread]: Sending event: {'category': 'dbt', 'action': 'resource_counts', 'label': '902d19df-73bb-43e6-a9eb-71d58b0caf94', 'context': [<snowplow_tracker.self_describing_json.SelfDescribingJson object at 0x0000021152CD8B90>]}
[0m12:22:47.466539 [info ] [MainThread]: Found 2 models, 416 macros
[0m12:22:47.467296 [debug] [MainThread]: Sending event: {'category': 'dbt', 'action': 'runnable_timing', 'label': '902d19df-73bb-43e6-a9eb-71d58b0caf94', 'context': [<snowplow_tracker.self_describing_json.SelfDescribingJson object at 0x0000021152DFDB70>]}
[0m12:22:47.468403 [info ] [MainThread]: my_project.customer_summary
[0m12:22:47.469193 [info ] [MainThread]: my_project.customers
[0m12:22:47.470244 [debug] [MainThread]: Command `dbt ls` succeeded at 12:22:47.470107 after 1.00 seconds
[0m12:22:47.470633 [debug] [MainThread]: Sending event: {'category': 'dbt', 'action': 'invocation', 'label': 'end', 'context': [<snowplow_tracker.self_describing_json.SelfDescribingJson object at 0x0000021152DCCD50>, <snowplow_tracker.self_describing_json.SelfDescribingJson object at 0x000002115128A990>, <snowplow_tracker.self_describing_json.SelfDescribingJson object at 0x0000021152DC0DD0>]}
[0m12:22:47.471409 [debug] [MainThread]: Flushing usage events
[0m12:22:49.133935 [debug] [MainThread]: An error was encountered while trying to flush usage events
